--------------------------------------------------------------------------------
Release 10.1.02 Trace  (lin)
Copyright (c) 1995-2008 Xilinx, Inc.  All rights reserved.

/opt/Xilinx/10.1/ISE/bin/lin/unwrapped/trce -ise
/home/prakti01/Praktikumsverzeichnis/bearbeitung/BPTI/03/prakti01_03_lauflicht/prakti01_03_lauflicht.ise
-intstyle ise -v 3 -s 4 -xml entity_chaser entity_chaser.ncd -o
entity_chaser.twr entity_chaser.pcf -ucf entity_chaser.ucf

Design file:              entity_chaser.ncd
Physical constraint file: entity_chaser.pcf
Device,package,speed:     xc3sd1800a,fg676,-4 (PRODUCTION 1.32 2008-05-28)
Report level:             verbose report

Environment Variable      Effect 
--------------------      ------ 
NONE                      No environment variables were set
--------------------------------------------------------------------------------

INFO:Timing:2698 - No timing constraints found, doing default enumeration.
INFO:Timing:2752 - To get complete path coverage, use the unconstrained paths 
   option. All paths that are not constrained will be reported in the 
   unconstrained paths section(s) of the report.
INFO:Timing:3339 - The clock-to-out numbers in this timing report are based on 
   a 50 Ohm transmission line loading model.  For the details of this model, 
   and for more information on accounting for different loading conditions, 
   please see the device datasheet.



Data Sheet report:
-----------------
All values displayed in nanoseconds (ns)

Setup/Hold to clock chaser_clk_in
-----------------+------------+------------+------------------+--------+
                 |  Setup to  |  Hold to   |                  | Clock  |
Source           | clk (edge) | clk (edge) |Internal Clock(s) | Phase  |
-----------------+------------+------------+------------------+--------+
chaser_mode      |    5.055(R)|   -1.282(R)|clck              |   0.000|
chaser_speed_down|   14.092(R)|   -3.049(R)|clck              |   0.000|
chaser_speed_up  |    8.251(R)|   -2.329(R)|clck              |   0.000|
chaser_toggle    |    4.637(R)|   -1.841(R)|clck              |   0.000|
-----------------+------------+------------+------------------+--------+

Clock chaser_clk_in to Pad
------------+------------+------------------+--------+
            | clk (edge) |                  | Clock  |
Destination |   to PAD   |Internal Clock(s) | Phase  |
------------+------------+------------------+--------+
chaser_led0 |   12.946(R)|clck              |   0.000|
chaser_led1 |   13.394(R)|clck              |   0.000|
chaser_led2 |   13.423(R)|clck              |   0.000|
chaser_led3 |   13.214(R)|clck              |   0.000|
chaser_led4 |   12.704(R)|clck              |   0.000|
chaser_led5 |   12.457(R)|clck              |   0.000|
chaser_led6 |   12.607(R)|clck              |   0.000|
chaser_led7 |   12.134(R)|clck              |   0.000|
------------+------------+------------------+--------+

Clock chaser_rst to Pad
------------+------------+------------------------------------------------------------------+--------+
            | clk (edge) |                                                                  | Clock  |
Destination |   to PAD   |Internal Clock(s)                                                 | Phase  |
------------+------------+------------------------------------------------------------------+--------+
chaser_led0 |   34.005(F)|manager_pm/fill_pm/generator_pm/Mcompar_count_to_cmp_eq0000_cy<15>|   0.000|
            |   20.502(F)|manager_pm/fill_pm/generator_pm/basis_0_not0001                   |   0.000|
chaser_led1 |   33.776(F)|manager_pm/fill_pm/generator_pm/Mcompar_count_to_cmp_eq0000_cy<15>|   0.000|
            |   20.257(F)|manager_pm/fill_pm/generator_pm/basis_1_not0001                   |   0.000|
chaser_led2 |   33.945(F)|manager_pm/fill_pm/generator_pm/Mcompar_count_to_cmp_eq0000_cy<15>|   0.000|
            |   20.069(F)|manager_pm/fill_pm/generator_pm/basis_2_not0001                   |   0.000|
chaser_led3 |   33.489(F)|manager_pm/fill_pm/generator_pm/Mcompar_count_to_cmp_eq0000_cy<15>|   0.000|
            |   19.485(F)|manager_pm/fill_pm/generator_pm/basis_3_not0001                   |   0.000|
chaser_led4 |   34.098(F)|manager_pm/fill_pm/generator_pm/Mcompar_count_to_cmp_eq0000_cy<15>|   0.000|
            |   20.829(F)|manager_pm/fill_pm/generator_pm/basis_4_not0001                   |   0.000|
chaser_led5 |   34.435(F)|manager_pm/fill_pm/generator_pm/Mcompar_count_to_cmp_eq0000_cy<15>|   0.000|
            |   20.322(F)|manager_pm/fill_pm/generator_pm/basis_5_not0001                   |   0.000|
chaser_led6 |   33.420(F)|manager_pm/fill_pm/generator_pm/Mcompar_count_to_cmp_eq0000_cy<15>|   0.000|
            |   19.002(F)|manager_pm/fill_pm/generator_pm/basis_6_not0001                   |   0.000|
chaser_led7 |   32.664(F)|manager_pm/fill_pm/generator_pm/Mcompar_count_to_cmp_eq0000_cy<15>|   0.000|
            |   18.306(F)|manager_pm/fill_pm/generator_pm/basis_7_not0001                   |   0.000|
------------+------------+------------------------------------------------------------------+--------+

Clock to Setup on destination clock chaser_clk_in
---------------+---------+---------+---------+---------+
               | Src:Rise| Src:Fall| Src:Rise| Src:Fall|
Source Clock   |Dest:Rise|Dest:Rise|Dest:Fall|Dest:Fall|
---------------+---------+---------+---------+---------+
chaser_clk_in  |   17.368|         |         |         |
chaser_rst     |   13.249|   13.249|         |         |
---------------+---------+---------+---------+---------+

Clock to Setup on destination clock chaser_rst
---------------+---------+---------+---------+---------+
               | Src:Rise| Src:Fall| Src:Rise| Src:Fall|
Source Clock   |Dest:Rise|Dest:Rise|Dest:Fall|Dest:Fall|
---------------+---------+---------+---------+---------+
chaser_rst     |         |         |    5.827|   19.741|
---------------+---------+---------+---------+---------+

Pad to Pad
---------------+---------------+---------+
Source Pad     |Destination Pad|  Delay  |
---------------+---------------+---------+
chaser_rst     |chaser_led0    |   17.158|
chaser_rst     |chaser_led1    |   16.929|
chaser_rst     |chaser_led2    |   17.098|
chaser_rst     |chaser_led3    |   16.642|
chaser_rst     |chaser_led4    |   17.251|
chaser_rst     |chaser_led5    |   17.588|
chaser_rst     |chaser_led6    |   16.573|
chaser_rst     |chaser_led7    |   15.817|
---------------+---------------+---------+


Analysis completed Fri May 29 17:15:51 2015 
--------------------------------------------------------------------------------

Trace Settings:
-------------------------
Trace Settings 

Peak Memory Usage: 173 MB



