Release 10.1.02 - xst K.37 (lin)
Copyright (c) 1995-2008 Xilinx, Inc.  All rights reserved.
--> 
Parameter TMPDIR set to /home/prakti01/Praktikumsverzeichnis/bearbeitung/BPTI/03/prakti01_03_lauflicht/xst/projnav.tmp


Total REAL time to Xst completion: 1.00 secs
Total CPU time to Xst completion: 0.07 secs
 
--> 
Parameter xsthdpdir set to /home/prakti01/Praktikumsverzeichnis/bearbeitung/BPTI/03/prakti01_03_lauflicht/xst


Total REAL time to Xst completion: 1.00 secs
Total CPU time to Xst completion: 0.07 secs
 
--> 
Reading design: entity_chaser.prj

TABLE OF CONTENTS
  1) Synthesis Options Summary
  2) HDL Compilation
  3) Design Hierarchy Analysis
  4) HDL Analysis
  5) HDL Synthesis
     5.1) HDL Synthesis Report
  6) Advanced HDL Synthesis
     6.1) Advanced HDL Synthesis Report
  7) Low Level Synthesis
  8) Partition Report
  9) Final Report
     9.1) Device utilization summary
     9.2) Partition Resource Summary
     9.3) TIMING REPORT


=========================================================================
*                      Synthesis Options Summary                        *
=========================================================================
---- Source Parameters
Input File Name                    : "entity_chaser.prj"
Input Format                       : mixed
Ignore Synthesis Constraint File   : NO

---- Target Parameters
Output File Name                   : "entity_chaser"
Output Format                      : NGC
Target Device                      : xc3sd1800a-4-fg676

---- Source Options
Top Module Name                    : entity_chaser
Automatic FSM Extraction           : YES
FSM Encoding Algorithm             : Auto
Safe Implementation                : No
FSM Style                          : lut
RAM Extraction                     : Yes
RAM Style                          : Auto
ROM Extraction                     : Yes
Mux Style                          : Auto
Decoder Extraction                 : YES
Priority Encoder Extraction        : YES
Shift Register Extraction          : YES
Logical Shifter Extraction         : YES
XOR Collapsing                     : YES
ROM Style                          : Auto
Mux Extraction                     : YES
Resource Sharing                   : YES
Asynchronous To Synchronous        : NO
Use DSP Block                      : auto
Automatic Register Balancing       : No

---- Target Options
Add IO Buffers                     : YES
Global Maximum Fanout              : 500
Add Generic Clock Buffer(BUFG)     : 24
Register Duplication               : YES
Slice Packing                      : YES
Optimize Instantiated Primitives   : NO
Use Clock Enable                   : Yes
Use Synchronous Set                : Yes
Use Synchronous Reset              : Yes
Pack IO Registers into IOBs        : auto
Equivalent register Removal        : YES

---- General Options
Optimization Goal                  : Speed
Optimization Effort                : 1
Library Search Order               : entity_chaser.lso
Keep Hierarchy                     : NO
Netlist Hierarchy                  : as_optimized
RTL Output                         : Yes
Global Optimization                : AllClockNets
Read Cores                         : YES
Write Timing Constraints           : NO
Cross Clock Analysis               : NO
Hierarchy Separator                : /
Bus Delimiter                      : <>
Case Specifier                     : maintain
Slice Utilization Ratio            : 100
BRAM Utilization Ratio             : 100
DSP48 Utilization Ratio            : 100
Verilog 2001                       : YES
Auto BRAM Packing                  : NO
Slice Utilization Ratio Delta      : 5

=========================================================================


=========================================================================
*                          HDL Compilation                              *
=========================================================================
Compiling vhdl file "/home/prakti01/Praktikumsverzeichnis/bearbeitung/BPTI/03/files/counter.vhd" in Library work.
Architecture architecture_counter of Entity entity_counter is up to date.
Compiling vhdl file "/home/prakti01/Praktikumsverzeichnis/bearbeitung/BPTI/03/files/mode_fill_generator.vhd" in Library work.
Entity <entity_fill_generator> compiled.
Entity <entity_fill_generator> (Architecture <architecture_fill_generator>) compiled.
Compiling vhdl file "/home/prakti01/Praktikumsverzeichnis/bearbeitung/BPTI/03/files/mode_bitcounter.vhd" in Library work.
Architecture architecture_bitcounter of Entity entity_bitcounter is up to date.
Compiling vhdl file "/home/prakti01/Praktikumsverzeichnis/bearbeitung/BPTI/03/files/mode_fill.vhd" in Library work.
Architecture architecture_fill of Entity entity_fill is up to date.
Compiling vhdl file "/home/prakti01/Praktikumsverzeichnis/bearbeitung/BPTI/03/files/mode_cross.vhd" in Library work.
Architecture architecture_cross of Entity entity_cross is up to date.
Compiling vhdl file "/home/prakti01/Praktikumsverzeichnis/bearbeitung/BPTI/03/files/dcm.vhd" in Library work.
Architecture architecture_dcm of Entity entity_dcm is up to date.
Compiling vhdl file "/home/prakti01/Praktikumsverzeichnis/bearbeitung/BPTI/03/files/clock_down.vhd" in Library work.
Architecture architecture_clock_down of Entity entity_clock_down is up to date.
Compiling vhdl file "/home/prakti01/Praktikumsverzeichnis/bearbeitung/BPTI/03/files/manager.vhd" in Library work.
Architecture architecture_manager of Entity entity_manager is up to date.
Compiling vhdl file "/home/prakti01/Praktikumsverzeichnis/bearbeitung/BPTI/03/files/scrambler.vhd" in Library work.
Architecture architecture_scrambler of Entity entity_scrambler is up to date.
Compiling vhdl file "/home/prakti01/Praktikumsverzeichnis/bearbeitung/BPTI/03/files/led.vhd" in Library work.
Architecture architecture_led of Entity entity_led is up to date.
Compiling vhdl file "/home/prakti01/Praktikumsverzeichnis/bearbeitung/BPTI/03/files/chaser.vhd" in Library work.
Architecture architecture_chaser of Entity entity_chaser is up to date.

=========================================================================
*                     Design Hierarchy Analysis                         *
=========================================================================
Analyzing hierarchy for entity <entity_chaser> in library <work> (architecture <architecture_chaser>).

Analyzing hierarchy for entity <entity_dcm> in library <work> (architecture <architecture_dcm>).

Analyzing hierarchy for entity <entity_clock_down> in library <work> (architecture <architecture_clock_down>).

Analyzing hierarchy for entity <entity_manager> in library <work> (architecture <architecture_manager>).

Analyzing hierarchy for entity <entity_scrambler> in library <work> (architecture <architecture_scrambler>).

Analyzing hierarchy for entity <entity_led> in library <work> (architecture <architecture_led>).

Analyzing hierarchy for entity <entity_bitcounter> in library <work> (architecture <architecture_bitcounter>).

Analyzing hierarchy for entity <entity_fill> in library <work> (architecture <architecture_fill>).

Analyzing hierarchy for entity <entity_cross> in library <work> (architecture <architecture_cross>).

Analyzing hierarchy for entity <entity_counter> in library <work> (architecture <architecture_counter>).

Analyzing hierarchy for entity <entity_fill_generator> in library <work> (architecture <architecture_fill_generator>).


=========================================================================
*                            HDL Analysis                               *
=========================================================================
Analyzing Entity <entity_chaser> in library <work> (Architecture <architecture_chaser>).
WARNING:Xst:753 - "/home/prakti01/Praktikumsverzeichnis/bearbeitung/BPTI/03/files/chaser.vhd" line 113: Unconnected output port 'CLKIN_IBUFG_OUT' of component 'entity_dcm'.
WARNING:Xst:753 - "/home/prakti01/Praktikumsverzeichnis/bearbeitung/BPTI/03/files/chaser.vhd" line 113: Unconnected output port 'CLK0_OUT' of component 'entity_dcm'.
WARNING:Xst:753 - "/home/prakti01/Praktikumsverzeichnis/bearbeitung/BPTI/03/files/chaser.vhd" line 113: Unconnected output port 'LOCKED_OUT' of component 'entity_dcm'.
Entity <entity_chaser> analyzed. Unit <entity_chaser> generated.

Analyzing Entity <entity_dcm> in library <work> (Architecture <architecture_dcm>).
    Set user-defined property "CAPACITANCE =  DONT_CARE" for instance <CLKIN_IBUFG_INST> in unit <entity_dcm>.
    Set user-defined property "IBUF_DELAY_VALUE =  0" for instance <CLKIN_IBUFG_INST> in unit <entity_dcm>.
    Set user-defined property "IOSTANDARD =  DEFAULT" for instance <CLKIN_IBUFG_INST> in unit <entity_dcm>.
    Set user-defined property "CLKDV_DIVIDE =  5.0000000000000000" for instance <DCM_SP_INST> in unit <entity_dcm>.
    Set user-defined property "CLKFX_DIVIDE =  1" for instance <DCM_SP_INST> in unit <entity_dcm>.
    Set user-defined property "CLKFX_MULTIPLY =  4" for instance <DCM_SP_INST> in unit <entity_dcm>.
    Set user-defined property "CLKIN_DIVIDE_BY_2 =  FALSE" for instance <DCM_SP_INST> in unit <entity_dcm>.
    Set user-defined property "CLKIN_PERIOD =  8.0000000000000000" for instance <DCM_SP_INST> in unit <entity_dcm>.
    Set user-defined property "CLKOUT_PHASE_SHIFT =  NONE" for instance <DCM_SP_INST> in unit <entity_dcm>.
    Set user-defined property "CLK_FEEDBACK =  1X" for instance <DCM_SP_INST> in unit <entity_dcm>.
    Set user-defined property "DESKEW_ADJUST =  SYSTEM_SYNCHRONOUS" for instance <DCM_SP_INST> in unit <entity_dcm>.
    Set user-defined property "DFS_FREQUENCY_MODE =  LOW" for instance <DCM_SP_INST> in unit <entity_dcm>.
    Set user-defined property "DLL_FREQUENCY_MODE =  LOW" for instance <DCM_SP_INST> in unit <entity_dcm>.
    Set user-defined property "DSS_MODE =  NONE" for instance <DCM_SP_INST> in unit <entity_dcm>.
    Set user-defined property "DUTY_CYCLE_CORRECTION =  TRUE" for instance <DCM_SP_INST> in unit <entity_dcm>.
    Set user-defined property "FACTORY_JF =  C080" for instance <DCM_SP_INST> in unit <entity_dcm>.
    Set user-defined property "PHASE_SHIFT =  0" for instance <DCM_SP_INST> in unit <entity_dcm>.
    Set user-defined property "STARTUP_WAIT =  FALSE" for instance <DCM_SP_INST> in unit <entity_dcm>.
Entity <entity_dcm> analyzed. Unit <entity_dcm> generated.

Analyzing Entity <entity_clock_down> in library <work> (Architecture <architecture_clock_down>).
Entity <entity_clock_down> analyzed. Unit <entity_clock_down> generated.

Analyzing Entity <entity_manager> in library <work> (Architecture <architecture_manager>).
Entity <entity_manager> analyzed. Unit <entity_manager> generated.

Analyzing Entity <entity_bitcounter> in library <work> (Architecture <architecture_bitcounter>).
Entity <entity_bitcounter> analyzed. Unit <entity_bitcounter> generated.

Analyzing Entity <entity_counter> in library <work> (Architecture <architecture_counter>).
WARNING:Xst:819 - "/home/prakti01/Praktikumsverzeichnis/bearbeitung/BPTI/03/files/counter.vhd" line 17: One or more signals are missing in the process sensitivity list. To enable synthesis of FPGA/CPLD hardware, XST will assume that all necessary signals are present in the sensitivity list. Please note that the result of the synthesis may differ from the initial design specification. The missing signals are:
   <cnt_toggle>, <cnt_limit>
Entity <entity_counter> analyzed. Unit <entity_counter> generated.

Analyzing Entity <entity_fill> in library <work> (Architecture <architecture_fill>).
Entity <entity_fill> analyzed. Unit <entity_fill> generated.

Analyzing Entity <entity_fill_generator> in library <work> (Architecture <architecture_fill_generator>).
Entity <entity_fill_generator> analyzed. Unit <entity_fill_generator> generated.

Analyzing Entity <entity_cross> in library <work> (Architecture <architecture_cross>).
Entity <entity_cross> analyzed. Unit <entity_cross> generated.

Analyzing Entity <entity_scrambler> in library <work> (Architecture <architecture_scrambler>).
WARNING:Xst:819 - "/home/prakti01/Praktikumsverzeichnis/bearbeitung/BPTI/03/files/scrambler.vhd" line 23: One or more signals are missing in the process sensitivity list. To enable synthesis of FPGA/CPLD hardware, XST will assume that all necessary signals are present in the sensitivity list. Please note that the result of the synthesis may differ from the initial design specification. The missing signals are:
   <scrambler_dip0>, <scrambler_dip1>, <scrambler_dip2>, <scrambler_dip3>, <scrambler_dip4>, <scrambler_dip5>, <scrambler_dip6>, <scrambler_dip7>
Entity <entity_scrambler> analyzed. Unit <entity_scrambler> generated.

Analyzing Entity <entity_led> in library <work> (Architecture <architecture_led>).
Entity <entity_led> analyzed. Unit <entity_led> generated.


=========================================================================
*                           HDL Synthesis                               *
=========================================================================

Performing bidirectional port resolution...

Synthesizing Unit <entity_clock_down>.
    Related source file is "/home/prakti01/Praktikumsverzeichnis/bearbeitung/BPTI/03/files/clock_down.vhd".
    Found 1-bit register for signal <clk_out>.
    Found 32-bit register for signal <counter>.
    Found 32-bit adder for signal <counter$add0000> created at line 30.
    Found 32-bit comparator greatequal for signal <counter$cmp_ge0000> created at line 25.
    Found 1-bit register for signal <outsignal>.
    Summary:
	inferred  34 D-type flip-flop(s).
	inferred   1 Adder/Subtractor(s).
	inferred   1 Comparator(s).
Unit <entity_clock_down> synthesized.


Synthesizing Unit <entity_scrambler>.
    Related source file is "/home/prakti01/Praktikumsverzeichnis/bearbeitung/BPTI/03/files/scrambler.vhd".
    Found 1-bit xor2 for signal <temp_1$xor0000> created at line 32.
    Found 1-bit xor2 for signal <temp_2$xor0000> created at line 46.
    Found 1-bit xor2 for signal <temp_6$xor0000> created at line 33.
Unit <entity_scrambler> synthesized.


Synthesizing Unit <entity_led>.
    Related source file is "/home/prakti01/Praktikumsverzeichnis/bearbeitung/BPTI/03/files/led.vhd".
Unit <entity_led> synthesized.


Synthesizing Unit <entity_counter>.
    Related source file is "/home/prakti01/Praktikumsverzeichnis/bearbeitung/BPTI/03/files/counter.vhd".
    Found 32-bit register for signal <cnt_out>.
    Found 32-bit register for signal <counter>.
    Found 32-bit adder for signal <counter$addsub0000> created at line 29.
    Found 32-bit subtractor for signal <counter$addsub0001> created at line 34.
    Found 32-bit comparator greatequal for signal <counter$cmp_ge0000> created at line 30.
    Found 32-bit comparator lessequal for signal <counter$cmp_le0000> created at line 35.
    Found 32-bit 4-to-1 multiplexer for signal <counter$mux0002> created at line 28.
    Found 32-bit 4-to-1 multiplexer for signal <counter$mux0004> created at line 28.
    Found 32-bit addsub for signal <counter$share0000> created at line 28.
    Summary:
	inferred  64 D-type flip-flop(s).
	inferred   3 Adder/Subtractor(s).
	inferred   2 Comparator(s).
	inferred  64 Multiplexer(s).
Unit <entity_counter> synthesized.


Synthesizing Unit <entity_fill_generator>.
    Related source file is "/home/prakti01/Praktikumsverzeichnis/bearbeitung/BPTI/03/files/mode_fill_generator.vhd".
    Found 32-bit subtractor for signal <shift$addsub0000> created at line 29.
    Found 32-bit subtractor for signal <shift$addsub0001> created at line 33.
    Found 32-bit subtractor for signal <shift$addsub0002> created at line 37.
    Found 32-bit subtractor for signal <shift$addsub0003> created at line 41.
    Found 32-bit subtractor for signal <shift$addsub0004> created at line 45.
    Found 32-bit subtractor for signal <shift$addsub0005> created at line 49.
    Found 32-bit subtractor for signal <shift$addsub0006> created at line 53.
    Found 32-bit subtractor for signal <shift$addsub0007> created at line 57.
    Found 32-bit comparator greatequal for signal <shift$cmp_ge0000> created at line 27.
    Found 32-bit comparator greatequal for signal <shift$cmp_ge0001> created at line 31.
    Found 32-bit comparator greatequal for signal <shift$cmp_ge0002> created at line 35.
    Found 32-bit comparator greatequal for signal <shift$cmp_ge0003> created at line 39.
    Found 32-bit comparator greatequal for signal <shift$cmp_ge0004> created at line 43.
    Found 32-bit comparator greatequal for signal <shift$cmp_ge0005> created at line 47.
    Found 32-bit comparator greatequal for signal <shift$cmp_ge0006> created at line 51.
    Found 32-bit comparator greatequal for signal <shift$cmp_ge0007> created at line 55.
    Summary:
	inferred   8 Adder/Subtractor(s).
	inferred   8 Comparator(s).
Unit <entity_fill_generator> synthesized.


Synthesizing Unit <entity_dcm>.
    Related source file is "/home/prakti01/Praktikumsverzeichnis/bearbeitung/BPTI/03/files/dcm.vhd".
Unit <entity_dcm> synthesized.


Synthesizing Unit <entity_bitcounter>.
    Related source file is "/home/prakti01/Praktikumsverzeichnis/bearbeitung/BPTI/03/files/mode_bitcounter.vhd".
WARNING:Xst:646 - Signal <convert<31:8>> is assigned but never used. This unconnected signal will be trimmed during the optimization process.
Unit <entity_bitcounter> synthesized.


Synthesizing Unit <entity_fill>.
    Related source file is "/home/prakti01/Praktikumsverzeichnis/bearbeitung/BPTI/03/files/mode_fill.vhd".
Unit <entity_fill> synthesized.


Synthesizing Unit <entity_cross>.
    Related source file is "/home/prakti01/Praktikumsverzeichnis/bearbeitung/BPTI/03/files/mode_cross.vhd".
    Found 32-bit adder for signal <rot2$addsub0000> created at line 42.
    Summary:
	inferred   1 Adder/Subtractor(s).
Unit <entity_cross> synthesized.


Synthesizing Unit <entity_manager>.
    Related source file is "/home/prakti01/Praktikumsverzeichnis/bearbeitung/BPTI/03/files/manager.vhd".
Unit <entity_manager> synthesized.


Synthesizing Unit <entity_chaser>.
    Related source file is "/home/prakti01/Praktikumsverzeichnis/bearbeitung/BPTI/03/files/chaser.vhd".
    Found 1-bit register for signal <chaser_mode_pressed>.
    Found 1-bit register for signal <chaser_speed_down_pressed>.
    Found 1-bit register for signal <chaser_speed_up_pressed>.
    Found 1-bit register for signal <chaser_toggle_pressed>.
    Found 32-bit up counter for signal <mode_current>.
    Found 32-bit adder for signal <mode_current$addsub0000> created at line 212.
    Found 32-bit comparator greater for signal <mode_current$cmp_gt0000> created at line 212.
    Found 32-bit register for signal <speed_current>.
    Found 32-bit adder for signal <speed_current$addsub0000> created at line 181.
    Found 32-bit subtractor for signal <speed_current$addsub0001> created at line 191.
    Found 32-bit comparator greatequal for signal <speed_current$cmp_ge0000> created at line 181.
    Found 32-bit comparator lessequal for signal <speed_current$cmp_le0000> created at line 191.
    Found 32-bit 4-to-1 multiplexer for signal <speed_current$mux0003>.
    Found 1-bit register for signal <toggle_current>.
    Summary:
	inferred   1 Counter(s).
	inferred   5 D-type flip-flop(s).
	inferred   3 Adder/Subtractor(s).
	inferred   3 Comparator(s).
	inferred  32 Multiplexer(s).
Unit <entity_chaser> synthesized.

INFO:Xst:1767 - HDL ADVISOR - Resource sharing has identified that some arithmetic operations in this design can share the same physical resources for reduced device utilization. For improved clock frequency you may try to disable resource sharing.

=========================================================================
HDL Synthesis Report

Macro Statistics
# Adders/Subtractors                                   : 22
 32-bit adder                                          : 7
 32-bit addsub                                         : 3
 32-bit subtractor                                     : 12
# Counters                                             : 1
 32-bit up counter                                     : 1
# Registers                                            : 108
 1-bit register                                        : 103
 32-bit register                                       : 5
# Comparators                                          : 18
 32-bit comparator greatequal                          : 13
 32-bit comparator greater                             : 1
 32-bit comparator lessequal                           : 4
# Multiplexers                                         : 7
 32-bit 4-to-1 multiplexer                             : 7
# Xors                                                 : 3
 1-bit xor2                                            : 3

=========================================================================

=========================================================================
*                       Advanced HDL Synthesis                          *
=========================================================================

Loading device for application Rf_Device from file '3sd1800a.nph' in environment /opt/Xilinx/10.1/ISE.
WARNING:Xst:2677 - Node <cnt_out_8> of sequential type is unconnected in block <counter_pm>.
WARNING:Xst:2677 - Node <cnt_out_9> of sequential type is unconnected in block <counter_pm>.
WARNING:Xst:2677 - Node <cnt_out_10> of sequential type is unconnected in block <counter_pm>.
WARNING:Xst:2677 - Node <cnt_out_11> of sequential type is unconnected in block <counter_pm>.
WARNING:Xst:2677 - Node <cnt_out_12> of sequential type is unconnected in block <counter_pm>.
WARNING:Xst:2677 - Node <cnt_out_13> of sequential type is unconnected in block <counter_pm>.
WARNING:Xst:2677 - Node <cnt_out_14> of sequential type is unconnected in block <counter_pm>.
WARNING:Xst:2677 - Node <cnt_out_15> of sequential type is unconnected in block <counter_pm>.
WARNING:Xst:2677 - Node <cnt_out_16> of sequential type is unconnected in block <counter_pm>.
WARNING:Xst:2677 - Node <cnt_out_17> of sequential type is unconnected in block <counter_pm>.
WARNING:Xst:2677 - Node <cnt_out_18> of sequential type is unconnected in block <counter_pm>.
WARNING:Xst:2677 - Node <cnt_out_19> of sequential type is unconnected in block <counter_pm>.
WARNING:Xst:2677 - Node <cnt_out_20> of sequential type is unconnected in block <counter_pm>.
WARNING:Xst:2677 - Node <cnt_out_21> of sequential type is unconnected in block <counter_pm>.
WARNING:Xst:2677 - Node <cnt_out_22> of sequential type is unconnected in block <counter_pm>.
WARNING:Xst:2677 - Node <cnt_out_23> of sequential type is unconnected in block <counter_pm>.
WARNING:Xst:2677 - Node <cnt_out_24> of sequential type is unconnected in block <counter_pm>.
WARNING:Xst:2677 - Node <cnt_out_25> of sequential type is unconnected in block <counter_pm>.
WARNING:Xst:2677 - Node <cnt_out_26> of sequential type is unconnected in block <counter_pm>.
WARNING:Xst:2677 - Node <cnt_out_27> of sequential type is unconnected in block <counter_pm>.
WARNING:Xst:2677 - Node <cnt_out_28> of sequential type is unconnected in block <counter_pm>.
WARNING:Xst:2677 - Node <cnt_out_29> of sequential type is unconnected in block <counter_pm>.
WARNING:Xst:2677 - Node <cnt_out_30> of sequential type is unconnected in block <counter_pm>.
WARNING:Xst:2677 - Node <cnt_out_31> of sequential type is unconnected in block <counter_pm>.

=========================================================================
Advanced HDL Synthesis Report

Macro Statistics
# Adders/Subtractors                                   : 22
 32-bit adder                                          : 7
 32-bit addsub                                         : 3
 32-bit subtractor                                     : 12
# Counters                                             : 1
 32-bit up counter                                     : 1
# Registers                                            : 263
 Flip-Flops                                            : 263
# Comparators                                          : 18
 32-bit comparator greatequal                          : 13
 32-bit comparator greater                             : 1
 32-bit comparator lessequal                           : 4
# Multiplexers                                         : 7
 32-bit 4-to-1 multiplexer                             : 7
# Xors                                                 : 3
 1-bit xor2                                            : 3

=========================================================================

=========================================================================
*                         Low Level Synthesis                           *
=========================================================================
WARNING:Xst:2677 - Node <bitcounter_pm/counter_pm/cnt_out_31> of sequential type is unconnected in block <entity_manager>.
WARNING:Xst:2677 - Node <bitcounter_pm/counter_pm/cnt_out_30> of sequential type is unconnected in block <entity_manager>.
WARNING:Xst:2677 - Node <bitcounter_pm/counter_pm/cnt_out_29> of sequential type is unconnected in block <entity_manager>.
WARNING:Xst:2677 - Node <bitcounter_pm/counter_pm/cnt_out_28> of sequential type is unconnected in block <entity_manager>.
WARNING:Xst:2677 - Node <bitcounter_pm/counter_pm/cnt_out_27> of sequential type is unconnected in block <entity_manager>.
WARNING:Xst:2677 - Node <bitcounter_pm/counter_pm/cnt_out_26> of sequential type is unconnected in block <entity_manager>.
WARNING:Xst:2677 - Node <bitcounter_pm/counter_pm/cnt_out_25> of sequential type is unconnected in block <entity_manager>.
WARNING:Xst:2677 - Node <bitcounter_pm/counter_pm/cnt_out_24> of sequential type is unconnected in block <entity_manager>.
WARNING:Xst:2677 - Node <bitcounter_pm/counter_pm/cnt_out_23> of sequential type is unconnected in block <entity_manager>.
WARNING:Xst:2677 - Node <bitcounter_pm/counter_pm/cnt_out_22> of sequential type is unconnected in block <entity_manager>.
WARNING:Xst:2677 - Node <bitcounter_pm/counter_pm/cnt_out_21> of sequential type is unconnected in block <entity_manager>.
WARNING:Xst:2677 - Node <bitcounter_pm/counter_pm/cnt_out_20> of sequential type is unconnected in block <entity_manager>.
WARNING:Xst:2677 - Node <bitcounter_pm/counter_pm/cnt_out_19> of sequential type is unconnected in block <entity_manager>.
WARNING:Xst:2677 - Node <bitcounter_pm/counter_pm/cnt_out_18> of sequential type is unconnected in block <entity_manager>.
WARNING:Xst:2677 - Node <bitcounter_pm/counter_pm/cnt_out_17> of sequential type is unconnected in block <entity_manager>.
WARNING:Xst:2677 - Node <bitcounter_pm/counter_pm/cnt_out_16> of sequential type is unconnected in block <entity_manager>.
WARNING:Xst:2677 - Node <bitcounter_pm/counter_pm/cnt_out_15> of sequential type is unconnected in block <entity_manager>.
WARNING:Xst:2677 - Node <bitcounter_pm/counter_pm/cnt_out_14> of sequential type is unconnected in block <entity_manager>.
WARNING:Xst:2677 - Node <bitcounter_pm/counter_pm/cnt_out_13> of sequential type is unconnected in block <entity_manager>.
WARNING:Xst:2677 - Node <bitcounter_pm/counter_pm/cnt_out_12> of sequential type is unconnected in block <entity_manager>.
WARNING:Xst:2677 - Node <bitcounter_pm/counter_pm/cnt_out_11> of sequential type is unconnected in block <entity_manager>.
WARNING:Xst:2677 - Node <bitcounter_pm/counter_pm/cnt_out_10> of sequential type is unconnected in block <entity_manager>.
WARNING:Xst:2677 - Node <bitcounter_pm/counter_pm/cnt_out_9> of sequential type is unconnected in block <entity_manager>.
WARNING:Xst:2677 - Node <bitcounter_pm/counter_pm/cnt_out_8> of sequential type is unconnected in block <entity_manager>.

Optimizing unit <entity_chaser> ...
WARNING:Xst:1293 - FF/Latch <speed_current_3> has a constant value of 0 in block <entity_chaser>. This FF/Latch will be trimmed during the optimization process.
WARNING:Xst:1293 - FF/Latch <speed_current_2> has a constant value of 0 in block <entity_chaser>. This FF/Latch will be trimmed during the optimization process.
WARNING:Xst:1293 - FF/Latch <speed_current_1> has a constant value of 0 in block <entity_chaser>. This FF/Latch will be trimmed during the optimization process.
WARNING:Xst:1293 - FF/Latch <speed_current_0> has a constant value of 0 in block <entity_chaser>. This FF/Latch will be trimmed during the optimization process.
WARNING:Xst:1293 - FF/Latch <speed_current_3> has a constant value of 0 in block <entity_chaser>. This FF/Latch will be trimmed during the optimization process.
WARNING:Xst:1293 - FF/Latch <speed_current_2> has a constant value of 0 in block <entity_chaser>. This FF/Latch will be trimmed during the optimization process.
WARNING:Xst:1293 - FF/Latch <speed_current_1> has a constant value of 0 in block <entity_chaser>. This FF/Latch will be trimmed during the optimization process.
WARNING:Xst:1293 - FF/Latch <speed_current_0> has a constant value of 0 in block <entity_chaser>. This FF/Latch will be trimmed during the optimization process.

Optimizing unit <entity_clock_down> ...

Optimizing unit <entity_fill_generator> ...

Optimizing unit <entity_manager> ...

Mapping all equations...
Building and optimizing final netlist ...
Found area constraint ratio of 100 (+ 5) on block entity_chaser, actual ratio is 4.
PACKER Warning: Lut manager_pm/bitcounter_pm/counter_pm/Maddsub_counter_share0000_lut<1> driving carry manager_pm/bitcounter_pm/counter_pm/Maddsub_counter_share0000_cy<1> can not be packed with the carry due to conflict with the common signal requirement between the LUT inputs and the Carry DI/MAND pins. This would result in an extra LUT for a feedthrough.
PACKER Warning: Lut manager_pm/bitcounter_pm/counter_pm/Maddsub_counter_share0000_lut<2> driving carry manager_pm/bitcounter_pm/counter_pm/Maddsub_counter_share0000_cy<2> can not be packed with the carry due to conflict with the common signal requirement between the LUT inputs and the Carry DI/MAND pins. This would result in an extra LUT for a feedthrough.
PACKER Warning: Lut manager_pm/bitcounter_pm/counter_pm/Maddsub_counter_share0000_lut<3> driving carry manager_pm/bitcounter_pm/counter_pm/Maddsub_counter_share0000_cy<3> can not be packed with the carry due to conflict with the common signal requirement between the LUT inputs and the Carry DI/MAND pins. This would result in an extra LUT for a feedthrough.
PACKER Warning: Lut manager_pm/bitcounter_pm/counter_pm/Maddsub_counter_share0000_lut<4> driving carry manager_pm/bitcounter_pm/counter_pm/Maddsub_counter_share0000_cy<4> can not be packed with the carry due to conflict with the common signal requirement between the LUT inputs and the Carry DI/MAND pins. This would result in an extra LUT for a feedthrough.
PACKER Warning: Lut manager_pm/bitcounter_pm/counter_pm/Maddsub_counter_share0000_lut<5> driving carry manager_pm/bitcounter_pm/counter_pm/Maddsub_counter_share0000_cy<5> can not be packed with the carry due to conflict with the common signal requirement between the LUT inputs and the Carry DI/MAND pins. This would result in an extra LUT for a feedthrough.
PACKER Warning: Lut manager_pm/bitcounter_pm/counter_pm/Maddsub_counter_share0000_lut<6> driving carry manager_pm/bitcounter_pm/counter_pm/Maddsub_counter_share0000_cy<6> can not be packed with the carry due to conflict with the common signal requirement between the LUT inputs and the Carry DI/MAND pins. This would result in an extra LUT for a feedthrough.
PACKER Warning: Lut manager_pm/bitcounter_pm/counter_pm/Maddsub_counter_share0000_lut<7> driving carry manager_pm/bitcounter_pm/counter_pm/Maddsub_counter_share0000_cy<7> can not be packed with the carry due to conflict with the common signal requirement between the LUT inputs and the Carry DI/MAND pins. This would result in an extra LUT for a feedthrough.
PACKER Warning: Lut manager_pm/fill_pm/counter_pm/Maddsub_counter_share0000_lut<2> driving carry manager_pm/fill_pm/counter_pm/Maddsub_counter_share0000_cy<2> can not be packed with the carry due to conflict with the common signal requirement between the LUT inputs and the Carry DI/MAND pins. This would result in an extra LUT for a feedthrough.
PACKER Warning: Lut manager_pm/fill_pm/counter_pm/Maddsub_counter_share0000_lut<5> driving carry manager_pm/fill_pm/counter_pm/Maddsub_counter_share0000_cy<5> can not be packed with the carry due to conflict with the common signal requirement between the LUT inputs and the Carry DI/MAND pins. This would result in an extra LUT for a feedthrough.
PACKER Warning: Lut manager_pm/cross_pm/counter_pm/Maddsub_counter_share0000_lut<1> driving carry manager_pm/cross_pm/counter_pm/Maddsub_counter_share0000_cy<1> can not be packed with the carry due to conflict with the common signal requirement between the LUT inputs and the Carry DI/MAND pins. This would result in an extra LUT for a feedthrough.
PACKER Warning: Lut manager_pm/cross_pm/counter_pm/Maddsub_counter_share0000_lut<2> driving carry manager_pm/cross_pm/counter_pm/Maddsub_counter_share0000_cy<2> can not be packed with the carry due to conflict with the common signal requirement between the LUT inputs and the Carry DI/MAND pins. This would result in an extra LUT for a feedthrough.

Final Macro Processing ...

=========================================================================
Final Register Report

Macro Statistics
# Registers                                            : 267
 Flip-Flops                                            : 267

=========================================================================

=========================================================================
*                           Partition Report                             *
=========================================================================

Partition Implementation Status
-------------------------------

  No Partitions were found in this design.

-------------------------------

=========================================================================
*                            Final Report                               *
=========================================================================
Final Results
RTL Top Level Output File Name     : entity_chaser.ngr
Top Level Output File Name         : entity_chaser
Output Format                      : NGC
Optimization Goal                  : Speed
Keep Hierarchy                     : NO

Design Statistics
# IOs                              : 22

Cell Usage :
# BELS                             : 3217
#      GND                         : 1
#      INV                         : 198
#      LUT1                        : 172
#      LUT2                        : 214
#      LUT2_D                      : 3
#      LUT2_L                      : 12
#      LUT3                        : 598
#      LUT3_D                      : 1
#      LUT3_L                      : 16
#      LUT4                        : 250
#      MULT_AND                    : 80
#      MUXCY                       : 952
#      MUXF5                       : 5
#      VCC                         : 1
#      XORCY                       : 714
# FlipFlops/Latches                : 267
#      FDC                         : 105
#      FDCE                        : 49
#      FDCP                        : 96
#      FDE                         : 5
#      FDPE                        : 12
# Clock Buffers                    : 3
#      BUFG                        : 3
# IO Buffers                       : 22
#      IBUF                        : 13
#      IBUFG                       : 1
#      OBUF                        : 8
# DCMs                             : 1
#      DCM_SP                      : 1
=========================================================================
PACKER Warning: Lut manager_pm/bitcounter_pm/counter_pm/Maddsub_counter_share0000_lut<1> driving carry manager_pm/bitcounter_pm/counter_pm/Maddsub_counter_share0000_cy<1> can not be packed with the carry due to conflict with the common signal requirement between the LUT inputs and the Carry DI/MAND pins. This would result in an extra LUT for a feedthrough.
PACKER Warning: Lut manager_pm/bitcounter_pm/counter_pm/Maddsub_counter_share0000_lut<2> driving carry manager_pm/bitcounter_pm/counter_pm/Maddsub_counter_share0000_cy<2> can not be packed with the carry due to conflict with the common signal requirement between the LUT inputs and the Carry DI/MAND pins. This would result in an extra LUT for a feedthrough.
PACKER Warning: Lut manager_pm/bitcounter_pm/counter_pm/Maddsub_counter_share0000_lut<3> driving carry manager_pm/bitcounter_pm/counter_pm/Maddsub_counter_share0000_cy<3> can not be packed with the carry due to conflict with the common signal requirement between the LUT inputs and the Carry DI/MAND pins. This would result in an extra LUT for a feedthrough.
PACKER Warning: Lut manager_pm/bitcounter_pm/counter_pm/Maddsub_counter_share0000_lut<4> driving carry manager_pm/bitcounter_pm/counter_pm/Maddsub_counter_share0000_cy<4> can not be packed with the carry due to conflict with the common signal requirement between the LUT inputs and the Carry DI/MAND pins. This would result in an extra LUT for a feedthrough.
PACKER Warning: Lut manager_pm/bitcounter_pm/counter_pm/Maddsub_counter_share0000_lut<5> driving carry manager_pm/bitcounter_pm/counter_pm/Maddsub_counter_share0000_cy<5> can not be packed with the carry due to conflict with the common signal requirement between the LUT inputs and the Carry DI/MAND pins. This would result in an extra LUT for a feedthrough.
PACKER Warning: Lut manager_pm/bitcounter_pm/counter_pm/Maddsub_counter_share0000_lut<6> driving carry manager_pm/bitcounter_pm/counter_pm/Maddsub_counter_share0000_cy<6> can not be packed with the carry due to conflict with the common signal requirement between the LUT inputs and the Carry DI/MAND pins. This would result in an extra LUT for a feedthrough.
PACKER Warning: Lut manager_pm/bitcounter_pm/counter_pm/Maddsub_counter_share0000_lut<7> driving carry manager_pm/bitcounter_pm/counter_pm/Maddsub_counter_share0000_cy<7> can not be packed with the carry due to conflict with the common signal requirement between the LUT inputs and the Carry DI/MAND pins. This would result in an extra LUT for a feedthrough.
PACKER Warning: Lut manager_pm/fill_pm/counter_pm/Maddsub_counter_share0000_lut<2> driving carry manager_pm/fill_pm/counter_pm/Maddsub_counter_share0000_cy<2> can not be packed with the carry due to conflict with the common signal requirement between the LUT inputs and the Carry DI/MAND pins. This would result in an extra LUT for a feedthrough.
PACKER Warning: Lut manager_pm/fill_pm/counter_pm/Maddsub_counter_share0000_lut<5> driving carry manager_pm/fill_pm/counter_pm/Maddsub_counter_share0000_cy<5> can not be packed with the carry due to conflict with the common signal requirement between the LUT inputs and the Carry DI/MAND pins. This would result in an extra LUT for a feedthrough.
PACKER Warning: Lut manager_pm/cross_pm/counter_pm/Maddsub_counter_share0000_lut<1> driving carry manager_pm/cross_pm/counter_pm/Maddsub_counter_share0000_cy<1> can not be packed with the carry due to conflict with the common signal requirement between the LUT inputs and the Carry DI/MAND pins. This would result in an extra LUT for a feedthrough.
PACKER Warning: Lut manager_pm/cross_pm/counter_pm/Maddsub_counter_share0000_lut<2> driving carry manager_pm/cross_pm/counter_pm/Maddsub_counter_share0000_cy<2> can not be packed with the carry due to conflict with the common signal requirement between the LUT inputs and the Carry DI/MAND pins. This would result in an extra LUT for a feedthrough.

Device utilization summary:
---------------------------

Selected Device : 3sd1800afg676-4 

 Number of Slices:                      824  out of  16640     4%  
 Number of Slice Flip Flops:            267  out of  33280     0%  
 Number of 4 input LUTs:               1464  out of  33280     4%  
 Number of IOs:                          22
 Number of bonded IOBs:                  22  out of    519     4%  
 Number of GCLKs:                         3  out of     24    12%  
 Number of DCMs:                          1  out of      8    12%  

---------------------------
Partition Resource Summary:
---------------------------

  No Partitions were found in this design.

---------------------------


=========================================================================
TIMING REPORT

NOTE: THESE TIMING NUMBERS ARE ONLY A SYNTHESIS ESTIMATE.
      FOR ACCURATE TIMING INFORMATION PLEASE REFER TO THE TRACE REPORT
      GENERATED AFTER PLACE-and-ROUTE.

Clock Information:
------------------
-----------------------------------+------------------------+-------+
Clock Signal                       | Clock buffer(FF name)  | Load  |
-----------------------------------+------------------------+-------+
dcm_pm/CLKDV_BUF                   | BUFG                   | 99    |
clock_down_pm/clk_out1             | BUFG                   | 168   |
-----------------------------------+------------------------+-------+

Asynchronous Control Signals Information:
----------------------------------------
---------------------------------------------------------------------------------------------------------------+-----------------------------------------------+-------+
Control Signal                                                                                                 | Buffer(FF name)                               | Load  |
---------------------------------------------------------------------------------------------------------------+-----------------------------------------------+-------+
chaser_rst_inv(manager_pm/bitcounter_pm/counter_pm/cnt_rst_inv1_INV_0:O)                                       | NONE(mode_current_15)                         | 249   |
N0(XST_GND:G)                                                                                                  | NONE(manager_pm/cross_pm/counter_pm/counter_7)| 83    |
manager_pm/bitcounter_pm/counter_pm/counter_0_and0000(manager_pm/bitcounter_pm/counter_pm/counter_0_and00001:O)| NONE(manager_pm/cross_pm/counter_pm/counter_1)| 13    |
manager_pm/bitcounter_pm/counter_pm/counter_0_and0001(manager_pm/bitcounter_pm/counter_pm/counter_0_and00011:O)| NONE(manager_pm/cross_pm/counter_pm/counter_1)| 13    |
---------------------------------------------------------------------------------------------------------------+-----------------------------------------------+-------+

Timing Summary:
---------------
Speed Grade: -4

   Minimum period: 16.696ns (Maximum Frequency: 59.895MHz)
   Minimum input arrival time before clock: 11.805ns
   Maximum output required time after clock: 40.950ns
   Maximum combinational path delay: 13.771ns

Timing Detail:
--------------
All values displayed in nanoseconds (ns)

=========================================================================
Timing constraint: Default period analysis for Clock 'dcm_pm/CLKDV_BUF'
  Clock period: 16.696ns (frequency: 59.895MHz)
  Total number of paths / destination ports: 4928553 / 165
-------------------------------------------------------------------------
Delay:               16.696ns (Levels of Logic = 57)
  Source:            speed_current_6 (FF)
  Destination:       speed_current_4 (FF)
  Source Clock:      dcm_pm/CLKDV_BUF rising
  Destination Clock: dcm_pm/CLKDV_BUF rising

  Data Path: speed_current_6 to speed_current_4
                                Gate     Net
    Cell:in->out      fanout   Delay   Delay  Logical Name (Net Name)
    ----------------------------------------  ------------
     FDCE:C->Q             3   0.591   0.674  speed_current_6 (speed_current_6)
     LUT1:I0->O            1   0.648   0.000  Madd_speed_current_addsub0000_cy<6>_rt (Madd_speed_current_addsub0000_cy<6>_rt)
     MUXCY:S->O            1   0.632   0.000  Madd_speed_current_addsub0000_cy<6> (Madd_speed_current_addsub0000_cy<6>)
     MUXCY:CI->O           1   0.065   0.000  Madd_speed_current_addsub0000_cy<7> (Madd_speed_current_addsub0000_cy<7>)
     MUXCY:CI->O           1   0.065   0.000  Madd_speed_current_addsub0000_cy<8> (Madd_speed_current_addsub0000_cy<8>)
     MUXCY:CI->O           1   0.065   0.000  Madd_speed_current_addsub0000_cy<9> (Madd_speed_current_addsub0000_cy<9>)
     MUXCY:CI->O           1   0.065   0.000  Madd_speed_current_addsub0000_cy<10> (Madd_speed_current_addsub0000_cy<10>)
     MUXCY:CI->O           1   0.065   0.000  Madd_speed_current_addsub0000_cy<11> (Madd_speed_current_addsub0000_cy<11>)
     MUXCY:CI->O           1   0.065   0.000  Madd_speed_current_addsub0000_cy<12> (Madd_speed_current_addsub0000_cy<12>)
     MUXCY:CI->O           1   0.065   0.000  Madd_speed_current_addsub0000_cy<13> (Madd_speed_current_addsub0000_cy<13>)
     MUXCY:CI->O           1   0.065   0.000  Madd_speed_current_addsub0000_cy<14> (Madd_speed_current_addsub0000_cy<14>)
     MUXCY:CI->O           1   0.065   0.000  Madd_speed_current_addsub0000_cy<15> (Madd_speed_current_addsub0000_cy<15>)
     MUXCY:CI->O           1   0.065   0.000  Madd_speed_current_addsub0000_cy<16> (Madd_speed_current_addsub0000_cy<16>)
     MUXCY:CI->O           1   0.065   0.000  Madd_speed_current_addsub0000_cy<17> (Madd_speed_current_addsub0000_cy<17>)
     MUXCY:CI->O           1   0.065   0.000  Madd_speed_current_addsub0000_cy<18> (Madd_speed_current_addsub0000_cy<18>)
     MUXCY:CI->O           1   0.065   0.000  Madd_speed_current_addsub0000_cy<19> (Madd_speed_current_addsub0000_cy<19>)
     MUXCY:CI->O           1   0.065   0.000  Madd_speed_current_addsub0000_cy<20> (Madd_speed_current_addsub0000_cy<20>)
     MUXCY:CI->O           1   0.065   0.000  Madd_speed_current_addsub0000_cy<21> (Madd_speed_current_addsub0000_cy<21>)
     MUXCY:CI->O           1   0.065   0.000  Madd_speed_current_addsub0000_cy<22> (Madd_speed_current_addsub0000_cy<22>)
     MUXCY:CI->O           1   0.065   0.000  Madd_speed_current_addsub0000_cy<23> (Madd_speed_current_addsub0000_cy<23>)
     MUXCY:CI->O           1   0.065   0.000  Madd_speed_current_addsub0000_cy<24> (Madd_speed_current_addsub0000_cy<24>)
     MUXCY:CI->O           1   0.065   0.000  Madd_speed_current_addsub0000_cy<25> (Madd_speed_current_addsub0000_cy<25>)
     MUXCY:CI->O           1   0.065   0.000  Madd_speed_current_addsub0000_cy<26> (Madd_speed_current_addsub0000_cy<26>)
     XORCY:CI->O           3   0.844   0.534  Madd_speed_current_addsub0000_xor<27> (speed_current_addsub0000<27>)
     LUT4:I3->O            1   0.648   0.000  Mcompar_speed_current_cmp_ge0000_lut<10> (Mcompar_speed_current_cmp_ge0000_lut<10>)
     MUXCY:S->O            2   0.836   0.479  Mcompar_speed_current_cmp_ge0000_cy<10> (Mcompar_speed_current_cmp_ge0000_cy<10>)
     LUT3:I2->O           13   0.648   0.986  Mcompar_speed_current_cmp_ge0000_cy<12>1_1 (Mcompar_speed_current_cmp_ge0000_cy<12>1)
     LUT4:I3->O            1   0.648   0.000  speed_current_mux0001<5>1 (speed_current_mux0001<5>)
     MUXCY:S->O            1   0.632   0.000  Msub_speed_current_addsub0001_cy<5> (Msub_speed_current_addsub0001_cy<5>)
     MUXCY:CI->O           1   0.065   0.000  Msub_speed_current_addsub0001_cy<6> (Msub_speed_current_addsub0001_cy<6>)
     MUXCY:CI->O           1   0.065   0.000  Msub_speed_current_addsub0001_cy<7> (Msub_speed_current_addsub0001_cy<7>)
     MUXCY:CI->O           1   0.065   0.000  Msub_speed_current_addsub0001_cy<8> (Msub_speed_current_addsub0001_cy<8>)
     MUXCY:CI->O           1   0.065   0.000  Msub_speed_current_addsub0001_cy<9> (Msub_speed_current_addsub0001_cy<9>)
     MUXCY:CI->O           1   0.065   0.000  Msub_speed_current_addsub0001_cy<10> (Msub_speed_current_addsub0001_cy<10>)
     MUXCY:CI->O           1   0.065   0.000  Msub_speed_current_addsub0001_cy<11> (Msub_speed_current_addsub0001_cy<11>)
     MUXCY:CI->O           1   0.065   0.000  Msub_speed_current_addsub0001_cy<12> (Msub_speed_current_addsub0001_cy<12>)
     MUXCY:CI->O           1   0.065   0.000  Msub_speed_current_addsub0001_cy<13> (Msub_speed_current_addsub0001_cy<13>)
     MUXCY:CI->O           1   0.065   0.000  Msub_speed_current_addsub0001_cy<14> (Msub_speed_current_addsub0001_cy<14>)
     MUXCY:CI->O           1   0.065   0.000  Msub_speed_current_addsub0001_cy<15> (Msub_speed_current_addsub0001_cy<15>)
     MUXCY:CI->O           1   0.065   0.000  Msub_speed_current_addsub0001_cy<16> (Msub_speed_current_addsub0001_cy<16>)
     MUXCY:CI->O           1   0.065   0.000  Msub_speed_current_addsub0001_cy<17> (Msub_speed_current_addsub0001_cy<17>)
     MUXCY:CI->O           1   0.065   0.000  Msub_speed_current_addsub0001_cy<18> (Msub_speed_current_addsub0001_cy<18>)
     MUXCY:CI->O           1   0.065   0.000  Msub_speed_current_addsub0001_cy<19> (Msub_speed_current_addsub0001_cy<19>)
     MUXCY:CI->O           1   0.065   0.000  Msub_speed_current_addsub0001_cy<20> (Msub_speed_current_addsub0001_cy<20>)
     MUXCY:CI->O           1   0.065   0.000  Msub_speed_current_addsub0001_cy<21> (Msub_speed_current_addsub0001_cy<21>)
     MUXCY:CI->O           1   0.065   0.000  Msub_speed_current_addsub0001_cy<22> (Msub_speed_current_addsub0001_cy<22>)
     MUXCY:CI->O           1   0.065   0.000  Msub_speed_current_addsub0001_cy<23> (Msub_speed_current_addsub0001_cy<23>)
     MUXCY:CI->O           1   0.065   0.000  Msub_speed_current_addsub0001_cy<24> (Msub_speed_current_addsub0001_cy<24>)
     MUXCY:CI->O           1   0.065   0.000  Msub_speed_current_addsub0001_cy<25> (Msub_speed_current_addsub0001_cy<25>)
     MUXCY:CI->O           1   0.065   0.000  Msub_speed_current_addsub0001_cy<26> (Msub_speed_current_addsub0001_cy<26>)
     MUXCY:CI->O           1   0.065   0.000  Msub_speed_current_addsub0001_cy<27> (Msub_speed_current_addsub0001_cy<27>)
     MUXCY:CI->O           1   0.065   0.000  Msub_speed_current_addsub0001_cy<28> (Msub_speed_current_addsub0001_cy<28>)
     MUXCY:CI->O           1   0.065   0.000  Msub_speed_current_addsub0001_cy<29> (Msub_speed_current_addsub0001_cy<29>)
     XORCY:CI->O           2   0.844   0.450  Msub_speed_current_addsub0001_xor<30> (speed_current_addsub0001<30>)
     LUT4:I3->O            1   0.648   0.000  Mcompar_speed_current_cmp_le0000_lut<12> (Mcompar_speed_current_cmp_le0000_lut<12>)
     MUXCY:S->O            1   0.632   0.000  Mcompar_speed_current_cmp_le0000_cy<12> (Mcompar_speed_current_cmp_le0000_cy<12>)
     MUXCY:CI->O          28   0.269   1.293  Mcompar_speed_current_cmp_le0000_cy<13> (speed_current_cmp_le0000)
     LUT3:I2->O            1   0.648   0.000  Mmux_speed_current_mux00032050 (speed_current_mux0003<27>)
     FDCE:D                    0.252          speed_current_4
    ----------------------------------------
    Total                     16.696ns (12.280ns logic, 4.416ns route)
                                       (73.6% logic, 26.4% route)

=========================================================================
Timing constraint: Default period analysis for Clock 'clock_down_pm/clk_out1'
  Clock period: 15.477ns (frequency: 64.612MHz)
  Total number of paths / destination ports: 2996736 / 168
-------------------------------------------------------------------------
Delay:               15.477ns (Levels of Logic = 70)
  Source:            manager_pm/fill_pm/counter_pm/counter_0 (FF)
  Destination:       manager_pm/fill_pm/counter_pm/counter_31 (FF)
  Source Clock:      clock_down_pm/clk_out1 rising
  Destination Clock: clock_down_pm/clk_out1 rising

  Data Path: manager_pm/fill_pm/counter_pm/counter_0 to manager_pm/fill_pm/counter_pm/counter_31
                                Gate     Net
    Cell:in->out      fanout   Delay   Delay  Logical Name (Net Name)
    ----------------------------------------  ------------
     FDCP:C->Q             3   0.591   0.674  manager_pm/fill_pm/counter_pm/counter_0 (manager_pm/fill_pm/counter_pm/counter_0)
     LUT1:I0->O            1   0.648   0.000  manager_pm/fill_pm/counter_pm/Msub_counter_addsub0001_cy<0>_rt (manager_pm/fill_pm/counter_pm/Msub_counter_addsub0001_cy<0>_rt)
     MUXCY:S->O            1   0.632   0.000  manager_pm/fill_pm/counter_pm/Msub_counter_addsub0001_cy<0> (manager_pm/fill_pm/counter_pm/Msub_counter_addsub0001_cy<0>)
     MUXCY:CI->O           1   0.065   0.000  manager_pm/fill_pm/counter_pm/Msub_counter_addsub0001_cy<1> (manager_pm/fill_pm/counter_pm/Msub_counter_addsub0001_cy<1>)
     MUXCY:CI->O           1   0.065   0.000  manager_pm/fill_pm/counter_pm/Msub_counter_addsub0001_cy<2> (manager_pm/fill_pm/counter_pm/Msub_counter_addsub0001_cy<2>)
     MUXCY:CI->O           1   0.065   0.000  manager_pm/fill_pm/counter_pm/Msub_counter_addsub0001_cy<3> (manager_pm/fill_pm/counter_pm/Msub_counter_addsub0001_cy<3>)
     MUXCY:CI->O           1   0.065   0.000  manager_pm/fill_pm/counter_pm/Msub_counter_addsub0001_cy<4> (manager_pm/fill_pm/counter_pm/Msub_counter_addsub0001_cy<4>)
     MUXCY:CI->O           1   0.065   0.000  manager_pm/fill_pm/counter_pm/Msub_counter_addsub0001_cy<5> (manager_pm/fill_pm/counter_pm/Msub_counter_addsub0001_cy<5>)
     MUXCY:CI->O           1   0.065   0.000  manager_pm/fill_pm/counter_pm/Msub_counter_addsub0001_cy<6> (manager_pm/fill_pm/counter_pm/Msub_counter_addsub0001_cy<6>)
     MUXCY:CI->O           1   0.065   0.000  manager_pm/fill_pm/counter_pm/Msub_counter_addsub0001_cy<7> (manager_pm/fill_pm/counter_pm/Msub_counter_addsub0001_cy<7>)
     MUXCY:CI->O           1   0.065   0.000  manager_pm/fill_pm/counter_pm/Msub_counter_addsub0001_cy<8> (manager_pm/fill_pm/counter_pm/Msub_counter_addsub0001_cy<8>)
     MUXCY:CI->O           1   0.065   0.000  manager_pm/fill_pm/counter_pm/Msub_counter_addsub0001_cy<9> (manager_pm/fill_pm/counter_pm/Msub_counter_addsub0001_cy<9>)
     MUXCY:CI->O           1   0.065   0.000  manager_pm/fill_pm/counter_pm/Msub_counter_addsub0001_cy<10> (manager_pm/fill_pm/counter_pm/Msub_counter_addsub0001_cy<10>)
     MUXCY:CI->O           1   0.065   0.000  manager_pm/fill_pm/counter_pm/Msub_counter_addsub0001_cy<11> (manager_pm/fill_pm/counter_pm/Msub_counter_addsub0001_cy<11>)
     MUXCY:CI->O           1   0.065   0.000  manager_pm/fill_pm/counter_pm/Msub_counter_addsub0001_cy<12> (manager_pm/fill_pm/counter_pm/Msub_counter_addsub0001_cy<12>)
     MUXCY:CI->O           1   0.065   0.000  manager_pm/fill_pm/counter_pm/Msub_counter_addsub0001_cy<13> (manager_pm/fill_pm/counter_pm/Msub_counter_addsub0001_cy<13>)
     MUXCY:CI->O           1   0.065   0.000  manager_pm/fill_pm/counter_pm/Msub_counter_addsub0001_cy<14> (manager_pm/fill_pm/counter_pm/Msub_counter_addsub0001_cy<14>)
     MUXCY:CI->O           1   0.065   0.000  manager_pm/fill_pm/counter_pm/Msub_counter_addsub0001_cy<15> (manager_pm/fill_pm/counter_pm/Msub_counter_addsub0001_cy<15>)
     MUXCY:CI->O           1   0.065   0.000  manager_pm/fill_pm/counter_pm/Msub_counter_addsub0001_cy<16> (manager_pm/fill_pm/counter_pm/Msub_counter_addsub0001_cy<16>)
     MUXCY:CI->O           1   0.065   0.000  manager_pm/fill_pm/counter_pm/Msub_counter_addsub0001_cy<17> (manager_pm/fill_pm/counter_pm/Msub_counter_addsub0001_cy<17>)
     MUXCY:CI->O           1   0.065   0.000  manager_pm/fill_pm/counter_pm/Msub_counter_addsub0001_cy<18> (manager_pm/fill_pm/counter_pm/Msub_counter_addsub0001_cy<18>)
     MUXCY:CI->O           1   0.065   0.000  manager_pm/fill_pm/counter_pm/Msub_counter_addsub0001_cy<19> (manager_pm/fill_pm/counter_pm/Msub_counter_addsub0001_cy<19>)
     MUXCY:CI->O           1   0.065   0.000  manager_pm/fill_pm/counter_pm/Msub_counter_addsub0001_cy<20> (manager_pm/fill_pm/counter_pm/Msub_counter_addsub0001_cy<20>)
     MUXCY:CI->O           1   0.065   0.000  manager_pm/fill_pm/counter_pm/Msub_counter_addsub0001_cy<21> (manager_pm/fill_pm/counter_pm/Msub_counter_addsub0001_cy<21>)
     MUXCY:CI->O           1   0.065   0.000  manager_pm/fill_pm/counter_pm/Msub_counter_addsub0001_cy<22> (manager_pm/fill_pm/counter_pm/Msub_counter_addsub0001_cy<22>)
     MUXCY:CI->O           1   0.065   0.000  manager_pm/fill_pm/counter_pm/Msub_counter_addsub0001_cy<23> (manager_pm/fill_pm/counter_pm/Msub_counter_addsub0001_cy<23>)
     MUXCY:CI->O           1   0.065   0.000  manager_pm/fill_pm/counter_pm/Msub_counter_addsub0001_cy<24> (manager_pm/fill_pm/counter_pm/Msub_counter_addsub0001_cy<24>)
     MUXCY:CI->O           1   0.065   0.000  manager_pm/fill_pm/counter_pm/Msub_counter_addsub0001_cy<25> (manager_pm/fill_pm/counter_pm/Msub_counter_addsub0001_cy<25>)
     MUXCY:CI->O           1   0.065   0.000  manager_pm/fill_pm/counter_pm/Msub_counter_addsub0001_cy<26> (manager_pm/fill_pm/counter_pm/Msub_counter_addsub0001_cy<26>)
     MUXCY:CI->O           1   0.065   0.000  manager_pm/fill_pm/counter_pm/Msub_counter_addsub0001_cy<27> (manager_pm/fill_pm/counter_pm/Msub_counter_addsub0001_cy<27>)
     MUXCY:CI->O           1   0.065   0.000  manager_pm/fill_pm/counter_pm/Msub_counter_addsub0001_cy<28> (manager_pm/fill_pm/counter_pm/Msub_counter_addsub0001_cy<28>)
     MUXCY:CI->O           1   0.065   0.000  manager_pm/fill_pm/counter_pm/Msub_counter_addsub0001_cy<29> (manager_pm/fill_pm/counter_pm/Msub_counter_addsub0001_cy<29>)
     XORCY:CI->O           1   0.844   0.452  manager_pm/fill_pm/counter_pm/Msub_counter_addsub0001_xor<30> (manager_pm/fill_pm/counter_pm/counter_addsub0001<30>)
     LUT3:I2->O            1   0.648   0.000  manager_pm/fill_pm/counter_pm/Mcompar_counter_cmp_le0000_lut<7> (manager_pm/fill_pm/counter_pm/Mcompar_counter_cmp_le0000_lut<7>)
     MUXCY:S->O            1   0.632   0.000  manager_pm/fill_pm/counter_pm/Mcompar_counter_cmp_le0000_cy<7> (manager_pm/fill_pm/counter_pm/Mcompar_counter_cmp_le0000_cy<7>)
     MUXCY:CI->O           4   0.269   0.667  manager_pm/fill_pm/counter_pm/Mcompar_counter_cmp_le0000_cy<8> (manager_pm/fill_pm/counter_pm/counter_cmp_le0000)
     LUT2:I1->O           31   0.643   1.262  manager_pm/fill_pm/counter_pm/Mmux_counter_mux00041011_1 (manager_pm/fill_pm/counter_pm/Mmux_counter_mux00041011)
     MULT_AND:I1->LO       0   0.654   0.000  manager_pm/fill_pm/counter_pm/counter_mux0004<0>_mand (manager_pm/fill_pm/counter_pm/counter_mux0004<0>_mand1)
     MUXCY:DI->O           1   0.787   0.000  manager_pm/fill_pm/counter_pm/Maddsub_counter_share0000_cy<0> (manager_pm/fill_pm/counter_pm/Maddsub_counter_share0000_cy<0>)
     MUXCY:CI->O           1   0.065   0.000  manager_pm/fill_pm/counter_pm/Maddsub_counter_share0000_cy<1> (manager_pm/fill_pm/counter_pm/Maddsub_counter_share0000_cy<1>)
     MUXCY:CI->O           1   0.065   0.000  manager_pm/fill_pm/counter_pm/Maddsub_counter_share0000_cy<2> (manager_pm/fill_pm/counter_pm/Maddsub_counter_share0000_cy<2>)
     MUXCY:CI->O           1   0.065   0.000  manager_pm/fill_pm/counter_pm/Maddsub_counter_share0000_cy<3> (manager_pm/fill_pm/counter_pm/Maddsub_counter_share0000_cy<3>)
     MUXCY:CI->O           1   0.065   0.000  manager_pm/fill_pm/counter_pm/Maddsub_counter_share0000_cy<4> (manager_pm/fill_pm/counter_pm/Maddsub_counter_share0000_cy<4>)
     MUXCY:CI->O           1   0.065   0.000  manager_pm/fill_pm/counter_pm/Maddsub_counter_share0000_cy<5> (manager_pm/fill_pm/counter_pm/Maddsub_counter_share0000_cy<5>)
     MUXCY:CI->O           1   0.065   0.000  manager_pm/fill_pm/counter_pm/Maddsub_counter_share0000_cy<6> (manager_pm/fill_pm/counter_pm/Maddsub_counter_share0000_cy<6>)
     MUXCY:CI->O           1   0.065   0.000  manager_pm/fill_pm/counter_pm/Maddsub_counter_share0000_cy<7> (manager_pm/fill_pm/counter_pm/Maddsub_counter_share0000_cy<7>)
     MUXCY:CI->O           1   0.065   0.000  manager_pm/fill_pm/counter_pm/Maddsub_counter_share0000_cy<8> (manager_pm/fill_pm/counter_pm/Maddsub_counter_share0000_cy<8>)
     MUXCY:CI->O           1   0.065   0.000  manager_pm/fill_pm/counter_pm/Maddsub_counter_share0000_cy<9> (manager_pm/fill_pm/counter_pm/Maddsub_counter_share0000_cy<9>)
     MUXCY:CI->O           1   0.065   0.000  manager_pm/fill_pm/counter_pm/Maddsub_counter_share0000_cy<10> (manager_pm/fill_pm/counter_pm/Maddsub_counter_share0000_cy<10>)
     MUXCY:CI->O           1   0.065   0.000  manager_pm/fill_pm/counter_pm/Maddsub_counter_share0000_cy<11> (manager_pm/fill_pm/counter_pm/Maddsub_counter_share0000_cy<11>)
     MUXCY:CI->O           1   0.065   0.000  manager_pm/fill_pm/counter_pm/Maddsub_counter_share0000_cy<12> (manager_pm/fill_pm/counter_pm/Maddsub_counter_share0000_cy<12>)
     MUXCY:CI->O           1   0.065   0.000  manager_pm/fill_pm/counter_pm/Maddsub_counter_share0000_cy<13> (manager_pm/fill_pm/counter_pm/Maddsub_counter_share0000_cy<13>)
     MUXCY:CI->O           1   0.065   0.000  manager_pm/fill_pm/counter_pm/Maddsub_counter_share0000_cy<14> (manager_pm/fill_pm/counter_pm/Maddsub_counter_share0000_cy<14>)
     MUXCY:CI->O           1   0.065   0.000  manager_pm/fill_pm/counter_pm/Maddsub_counter_share0000_cy<15> (manager_pm/fill_pm/counter_pm/Maddsub_counter_share0000_cy<15>)
     MUXCY:CI->O           1   0.065   0.000  manager_pm/fill_pm/counter_pm/Maddsub_counter_share0000_cy<16> (manager_pm/fill_pm/counter_pm/Maddsub_counter_share0000_cy<16>)
     MUXCY:CI->O           1   0.065   0.000  manager_pm/fill_pm/counter_pm/Maddsub_counter_share0000_cy<17> (manager_pm/fill_pm/counter_pm/Maddsub_counter_share0000_cy<17>)
     MUXCY:CI->O           1   0.065   0.000  manager_pm/fill_pm/counter_pm/Maddsub_counter_share0000_cy<18> (manager_pm/fill_pm/counter_pm/Maddsub_counter_share0000_cy<18>)
     MUXCY:CI->O           1   0.065   0.000  manager_pm/fill_pm/counter_pm/Maddsub_counter_share0000_cy<19> (manager_pm/fill_pm/counter_pm/Maddsub_counter_share0000_cy<19>)
     MUXCY:CI->O           1   0.065   0.000  manager_pm/fill_pm/counter_pm/Maddsub_counter_share0000_cy<20> (manager_pm/fill_pm/counter_pm/Maddsub_counter_share0000_cy<20>)
     MUXCY:CI->O           1   0.065   0.000  manager_pm/fill_pm/counter_pm/Maddsub_counter_share0000_cy<21> (manager_pm/fill_pm/counter_pm/Maddsub_counter_share0000_cy<21>)
     MUXCY:CI->O           1   0.065   0.000  manager_pm/fill_pm/counter_pm/Maddsub_counter_share0000_cy<22> (manager_pm/fill_pm/counter_pm/Maddsub_counter_share0000_cy<22>)
     MUXCY:CI->O           1   0.065   0.000  manager_pm/fill_pm/counter_pm/Maddsub_counter_share0000_cy<23> (manager_pm/fill_pm/counter_pm/Maddsub_counter_share0000_cy<23>)
     MUXCY:CI->O           1   0.065   0.000  manager_pm/fill_pm/counter_pm/Maddsub_counter_share0000_cy<24> (manager_pm/fill_pm/counter_pm/Maddsub_counter_share0000_cy<24>)
     MUXCY:CI->O           1   0.065   0.000  manager_pm/fill_pm/counter_pm/Maddsub_counter_share0000_cy<25> (manager_pm/fill_pm/counter_pm/Maddsub_counter_share0000_cy<25>)
     MUXCY:CI->O           1   0.065   0.000  manager_pm/fill_pm/counter_pm/Maddsub_counter_share0000_cy<26> (manager_pm/fill_pm/counter_pm/Maddsub_counter_share0000_cy<26>)
     MUXCY:CI->O           1   0.065   0.000  manager_pm/fill_pm/counter_pm/Maddsub_counter_share0000_cy<27> (manager_pm/fill_pm/counter_pm/Maddsub_counter_share0000_cy<27>)
     MUXCY:CI->O           1   0.065   0.000  manager_pm/fill_pm/counter_pm/Maddsub_counter_share0000_cy<28> (manager_pm/fill_pm/counter_pm/Maddsub_counter_share0000_cy<28>)
     MUXCY:CI->O           1   0.065   0.000  manager_pm/fill_pm/counter_pm/Maddsub_counter_share0000_cy<29> (manager_pm/fill_pm/counter_pm/Maddsub_counter_share0000_cy<29>)
     MUXCY:CI->O           0   0.065   0.000  manager_pm/fill_pm/counter_pm/Maddsub_counter_share0000_cy<30> (manager_pm/fill_pm/counter_pm/Maddsub_counter_share0000_cy<30>)
     XORCY:CI->O           1   0.844   0.500  manager_pm/fill_pm/counter_pm/Maddsub_counter_share0000_xor<31> (manager_pm/fill_pm/counter_pm/counter_share0000<31>)
     LUT2:I1->O            2   0.643   0.000  manager_pm/fill_pm/counter_pm/Mmux_counter_mux0002251 (manager_pm/fill_pm/counter_pm/counter_mux0002<31>)
     FDCP:D                    0.252          manager_pm/fill_pm/counter_pm/counter_31
    ----------------------------------------
    Total                     15.477ns (11.922ns logic, 3.555ns route)
                                       (77.0% logic, 23.0% route)

=========================================================================
Timing constraint: Default OFFSET IN BEFORE for Clock 'dcm_pm/CLKDV_BUF'
  Total number of paths / destination ports: 18052 / 98
-------------------------------------------------------------------------
Offset:              11.805ns (Levels of Logic = 32)
  Source:            chaser_speed_down (PAD)
  Destination:       speed_current_4 (FF)
  Destination Clock: dcm_pm/CLKDV_BUF rising

  Data Path: chaser_speed_down to speed_current_4
                                Gate     Net
    Cell:in->out      fanout   Delay   Delay  Logical Name (Net Name)
    ----------------------------------------  ------------
     IBUF:I->O            33   0.849   1.406  chaser_speed_down_IBUF (chaser_speed_down_IBUF)
     LUT2:I0->O           15   0.648   1.097  Mmux_speed_current_mux000321111 (N7)
     LUT4:I1->O            1   0.643   0.000  Msub_speed_current_addsub0001_lut<6> (Msub_speed_current_addsub0001_lut<6>)
     MUXCY:S->O            1   0.632   0.000  Msub_speed_current_addsub0001_cy<6> (Msub_speed_current_addsub0001_cy<6>)
     MUXCY:CI->O           1   0.065   0.000  Msub_speed_current_addsub0001_cy<7> (Msub_speed_current_addsub0001_cy<7>)
     MUXCY:CI->O           1   0.065   0.000  Msub_speed_current_addsub0001_cy<8> (Msub_speed_current_addsub0001_cy<8>)
     MUXCY:CI->O           1   0.065   0.000  Msub_speed_current_addsub0001_cy<9> (Msub_speed_current_addsub0001_cy<9>)
     MUXCY:CI->O           1   0.065   0.000  Msub_speed_current_addsub0001_cy<10> (Msub_speed_current_addsub0001_cy<10>)
     MUXCY:CI->O           1   0.065   0.000  Msub_speed_current_addsub0001_cy<11> (Msub_speed_current_addsub0001_cy<11>)
     MUXCY:CI->O           1   0.065   0.000  Msub_speed_current_addsub0001_cy<12> (Msub_speed_current_addsub0001_cy<12>)
     MUXCY:CI->O           1   0.065   0.000  Msub_speed_current_addsub0001_cy<13> (Msub_speed_current_addsub0001_cy<13>)
     MUXCY:CI->O           1   0.065   0.000  Msub_speed_current_addsub0001_cy<14> (Msub_speed_current_addsub0001_cy<14>)
     MUXCY:CI->O           1   0.065   0.000  Msub_speed_current_addsub0001_cy<15> (Msub_speed_current_addsub0001_cy<15>)
     MUXCY:CI->O           1   0.065   0.000  Msub_speed_current_addsub0001_cy<16> (Msub_speed_current_addsub0001_cy<16>)
     MUXCY:CI->O           1   0.065   0.000  Msub_speed_current_addsub0001_cy<17> (Msub_speed_current_addsub0001_cy<17>)
     MUXCY:CI->O           1   0.065   0.000  Msub_speed_current_addsub0001_cy<18> (Msub_speed_current_addsub0001_cy<18>)
     MUXCY:CI->O           1   0.065   0.000  Msub_speed_current_addsub0001_cy<19> (Msub_speed_current_addsub0001_cy<19>)
     MUXCY:CI->O           1   0.065   0.000  Msub_speed_current_addsub0001_cy<20> (Msub_speed_current_addsub0001_cy<20>)
     MUXCY:CI->O           1   0.065   0.000  Msub_speed_current_addsub0001_cy<21> (Msub_speed_current_addsub0001_cy<21>)
     MUXCY:CI->O           1   0.065   0.000  Msub_speed_current_addsub0001_cy<22> (Msub_speed_current_addsub0001_cy<22>)
     MUXCY:CI->O           1   0.065   0.000  Msub_speed_current_addsub0001_cy<23> (Msub_speed_current_addsub0001_cy<23>)
     MUXCY:CI->O           1   0.065   0.000  Msub_speed_current_addsub0001_cy<24> (Msub_speed_current_addsub0001_cy<24>)
     MUXCY:CI->O           1   0.065   0.000  Msub_speed_current_addsub0001_cy<25> (Msub_speed_current_addsub0001_cy<25>)
     MUXCY:CI->O           1   0.065   0.000  Msub_speed_current_addsub0001_cy<26> (Msub_speed_current_addsub0001_cy<26>)
     MUXCY:CI->O           1   0.065   0.000  Msub_speed_current_addsub0001_cy<27> (Msub_speed_current_addsub0001_cy<27>)
     MUXCY:CI->O           1   0.065   0.000  Msub_speed_current_addsub0001_cy<28> (Msub_speed_current_addsub0001_cy<28>)
     MUXCY:CI->O           1   0.065   0.000  Msub_speed_current_addsub0001_cy<29> (Msub_speed_current_addsub0001_cy<29>)
     XORCY:CI->O           2   0.844   0.450  Msub_speed_current_addsub0001_xor<30> (speed_current_addsub0001<30>)
     LUT4:I3->O            1   0.648   0.000  Mcompar_speed_current_cmp_le0000_lut<12> (Mcompar_speed_current_cmp_le0000_lut<12>)
     MUXCY:S->O            1   0.632   0.000  Mcompar_speed_current_cmp_le0000_cy<12> (Mcompar_speed_current_cmp_le0000_cy<12>)
     MUXCY:CI->O          28   0.269   1.293  Mcompar_speed_current_cmp_le0000_cy<13> (speed_current_cmp_le0000)
     LUT3:I2->O            1   0.648   0.000  Mmux_speed_current_mux00032050 (speed_current_mux0003<27>)
     FDCE:D                    0.252          speed_current_4
    ----------------------------------------
    Total                     11.805ns (7.560ns logic, 4.245ns route)
                                       (64.0% logic, 36.0% route)

=========================================================================
Timing constraint: Default OFFSET OUT AFTER for Clock 'clock_down_pm/clk_out1'
  Total number of paths / destination ports: 112677931353 / 8
-------------------------------------------------------------------------
Offset:              40.950ns (Levels of Logic = 77)
  Source:            manager_pm/fill_pm/counter_pm/cnt_out_3 (FF)
  Destination:       chaser_led5 (PAD)
  Source Clock:      clock_down_pm/clk_out1 rising

  Data Path: manager_pm/fill_pm/counter_pm/cnt_out_3 to chaser_led5
                                Gate     Net
    Cell:in->out      fanout   Delay   Delay  Logical Name (Net Name)
    ----------------------------------------  ------------
     FDC:C->Q             11   0.591   1.076  manager_pm/fill_pm/counter_pm/cnt_out_3 (manager_pm/fill_pm/counter_pm/cnt_out_3)
     LUT1:I0->O            1   0.648   0.000  manager_pm/fill_pm/generator_pm/Mcompar_shift_cmp_ge0000_cy<0>_rt (manager_pm/fill_pm/generator_pm/Mcompar_shift_cmp_ge0000_cy<0>_rt)
     MUXCY:S->O            1   0.632   0.000  manager_pm/fill_pm/generator_pm/Mcompar_shift_cmp_ge0000_cy<0> (manager_pm/fill_pm/generator_pm/Mcompar_shift_cmp_ge0000_cy<0>)
     MUXCY:CI->O           1   0.065   0.000  manager_pm/fill_pm/generator_pm/Mcompar_shift_cmp_ge0000_cy<1> (manager_pm/fill_pm/generator_pm/Mcompar_shift_cmp_ge0000_cy<1>)
     MUXCY:CI->O           1   0.065   0.000  manager_pm/fill_pm/generator_pm/Mcompar_shift_cmp_ge0000_cy<2> (manager_pm/fill_pm/generator_pm/Mcompar_shift_cmp_ge0000_cy<2>)
     MUXCY:CI->O           1   0.065   0.000  manager_pm/fill_pm/generator_pm/Mcompar_shift_cmp_ge0000_cy<3> (manager_pm/fill_pm/generator_pm/Mcompar_shift_cmp_ge0000_cy<3>)
     MUXCY:CI->O           1   0.065   0.000  manager_pm/fill_pm/generator_pm/Mcompar_shift_cmp_ge0000_cy<4> (manager_pm/fill_pm/generator_pm/Mcompar_shift_cmp_ge0000_cy<4>)
     MUXCY:CI->O           1   0.065   0.000  manager_pm/fill_pm/generator_pm/Mcompar_shift_cmp_ge0000_cy<5> (manager_pm/fill_pm/generator_pm/Mcompar_shift_cmp_ge0000_cy<5>)
     MUXCY:CI->O           1   0.065   0.000  manager_pm/fill_pm/generator_pm/Mcompar_shift_cmp_ge0000_cy<6> (manager_pm/fill_pm/generator_pm/Mcompar_shift_cmp_ge0000_cy<6>)
     MUXCY:CI->O           1   0.065   0.000  manager_pm/fill_pm/generator_pm/Mcompar_shift_cmp_ge0000_cy<7> (manager_pm/fill_pm/generator_pm/Mcompar_shift_cmp_ge0000_cy<7>)
     MUXCY:CI->O          59   0.269   1.414  manager_pm/fill_pm/generator_pm/Mcompar_shift_cmp_ge0000_cy<8> (manager_pm/fill_pm/generator_pm/shift_cmp_ge0000)
     LUT3:I0->O            1   0.648   0.000  manager_pm/fill_pm/generator_pm/Msub_shift_addsub0001_lut<3> (manager_pm/fill_pm/generator_pm/Msub_shift_addsub0001_lut<3>)
     MUXCY:S->O            1   0.632   0.000  manager_pm/fill_pm/generator_pm/Msub_shift_addsub0001_cy<3> (manager_pm/fill_pm/generator_pm/Msub_shift_addsub0001_cy<3>)
     MUXCY:CI->O           1   0.065   0.000  manager_pm/fill_pm/generator_pm/Msub_shift_addsub0001_cy<4> (manager_pm/fill_pm/generator_pm/Msub_shift_addsub0001_cy<4>)
     MUXCY:CI->O           1   0.065   0.000  manager_pm/fill_pm/generator_pm/Msub_shift_addsub0001_cy<5> (manager_pm/fill_pm/generator_pm/Msub_shift_addsub0001_cy<5>)
     MUXCY:CI->O           1   0.065   0.000  manager_pm/fill_pm/generator_pm/Msub_shift_addsub0001_cy<6> (manager_pm/fill_pm/generator_pm/Msub_shift_addsub0001_cy<6>)
     MUXCY:CI->O           1   0.065   0.000  manager_pm/fill_pm/generator_pm/Msub_shift_addsub0001_cy<7> (manager_pm/fill_pm/generator_pm/Msub_shift_addsub0001_cy<7>)
     MUXCY:CI->O           1   0.065   0.000  manager_pm/fill_pm/generator_pm/Msub_shift_addsub0001_cy<8> (manager_pm/fill_pm/generator_pm/Msub_shift_addsub0001_cy<8>)
     MUXCY:CI->O           1   0.065   0.000  manager_pm/fill_pm/generator_pm/Msub_shift_addsub0001_cy<9> (manager_pm/fill_pm/generator_pm/Msub_shift_addsub0001_cy<9>)
     MUXCY:CI->O           1   0.065   0.000  manager_pm/fill_pm/generator_pm/Msub_shift_addsub0001_cy<10> (manager_pm/fill_pm/generator_pm/Msub_shift_addsub0001_cy<10>)
     MUXCY:CI->O           1   0.065   0.000  manager_pm/fill_pm/generator_pm/Msub_shift_addsub0001_cy<11> (manager_pm/fill_pm/generator_pm/Msub_shift_addsub0001_cy<11>)
     XORCY:CI->O           2   0.844   0.527  manager_pm/fill_pm/generator_pm/Msub_shift_addsub0001_xor<12> (manager_pm/fill_pm/generator_pm/shift_addsub0001<12>)
     LUT3:I1->O            1   0.643   0.000  manager_pm/fill_pm/generator_pm/Msub_shift_addsub0002_lut<12> (manager_pm/fill_pm/generator_pm/Msub_shift_addsub0002_lut<12>)
     MUXCY:S->O            1   0.632   0.000  manager_pm/fill_pm/generator_pm/Msub_shift_addsub0002_cy<12> (manager_pm/fill_pm/generator_pm/Msub_shift_addsub0002_cy<12>)
     XORCY:CI->O           2   0.844   0.527  manager_pm/fill_pm/generator_pm/Msub_shift_addsub0002_xor<13> (manager_pm/fill_pm/generator_pm/shift_addsub0002<13>)
     LUT3:I1->O            1   0.643   0.000  manager_pm/fill_pm/generator_pm/Msub_shift_addsub0003_lut<13> (manager_pm/fill_pm/generator_pm/Msub_shift_addsub0003_lut<13>)
     MUXCY:S->O            1   0.632   0.000  manager_pm/fill_pm/generator_pm/Msub_shift_addsub0003_cy<13> (manager_pm/fill_pm/generator_pm/Msub_shift_addsub0003_cy<13>)
     XORCY:CI->O           2   0.844   0.527  manager_pm/fill_pm/generator_pm/Msub_shift_addsub0003_xor<14> (manager_pm/fill_pm/generator_pm/shift_addsub0003<14>)
     LUT3:I1->O            1   0.643   0.000  manager_pm/fill_pm/generator_pm/Msub_shift_addsub0004_lut<14> (manager_pm/fill_pm/generator_pm/Msub_shift_addsub0004_lut<14>)
     MUXCY:S->O            1   0.632   0.000  manager_pm/fill_pm/generator_pm/Msub_shift_addsub0004_cy<14> (manager_pm/fill_pm/generator_pm/Msub_shift_addsub0004_cy<14>)
     XORCY:CI->O           2   0.844   0.527  manager_pm/fill_pm/generator_pm/Msub_shift_addsub0004_xor<15> (manager_pm/fill_pm/generator_pm/shift_addsub0004<15>)
     LUT3:I1->O            1   0.643   0.000  manager_pm/fill_pm/generator_pm/Msub_shift_addsub0005_lut<15> (manager_pm/fill_pm/generator_pm/Msub_shift_addsub0005_lut<15>)
     MUXCY:S->O            1   0.632   0.000  manager_pm/fill_pm/generator_pm/Msub_shift_addsub0005_cy<15> (manager_pm/fill_pm/generator_pm/Msub_shift_addsub0005_cy<15>)
     XORCY:CI->O           2   0.844   0.527  manager_pm/fill_pm/generator_pm/Msub_shift_addsub0005_xor<16> (manager_pm/fill_pm/generator_pm/shift_addsub0005<16>)
     LUT3:I1->O            1   0.643   0.000  manager_pm/fill_pm/generator_pm/Msub_shift_addsub0006_lut<16> (manager_pm/fill_pm/generator_pm/Msub_shift_addsub0006_lut<16>)
     MUXCY:S->O            1   0.632   0.000  manager_pm/fill_pm/generator_pm/Msub_shift_addsub0006_cy<16> (manager_pm/fill_pm/generator_pm/Msub_shift_addsub0006_cy<16>)
     XORCY:CI->O           2   0.844   0.527  manager_pm/fill_pm/generator_pm/Msub_shift_addsub0006_xor<17> (manager_pm/fill_pm/generator_pm/shift_addsub0006<17>)
     LUT3:I1->O            1   0.643   0.000  manager_pm/fill_pm/generator_pm/Msub_shift_addsub0007_lut<17> (manager_pm/fill_pm/generator_pm/Msub_shift_addsub0007_lut<17>)
     MUXCY:S->O            1   0.632   0.000  manager_pm/fill_pm/generator_pm/Msub_shift_addsub0007_cy<17> (manager_pm/fill_pm/generator_pm/Msub_shift_addsub0007_cy<17>)
     XORCY:CI->O           1   0.844   0.500  manager_pm/fill_pm/generator_pm/Msub_shift_addsub0007_xor<18> (manager_pm/fill_pm/generator_pm/shift_addsub0007<18>)
     LUT3:I1->O            1   0.643   0.000  manager_pm/fill_pm/generator_pm/basis_0_cmp_eq00001_wg_lut<1> (manager_pm/fill_pm/generator_pm/basis_0_cmp_eq00001_wg_lut<1>)
     MUXCY:S->O            1   0.632   0.000  manager_pm/fill_pm/generator_pm/basis_0_cmp_eq00001_wg_cy<1> (manager_pm/fill_pm/generator_pm/basis_0_cmp_eq00001_wg_cy<1>)
     MUXCY:CI->O           1   0.065   0.000  manager_pm/fill_pm/generator_pm/basis_0_cmp_eq00001_wg_cy<2> (manager_pm/fill_pm/generator_pm/basis_0_cmp_eq00001_wg_cy<2>)
     MUXCY:CI->O           1   0.065   0.000  manager_pm/fill_pm/generator_pm/basis_0_cmp_eq00001_wg_cy<3> (manager_pm/fill_pm/generator_pm/basis_0_cmp_eq00001_wg_cy<3>)
     MUXCY:CI->O           1   0.065   0.000  manager_pm/fill_pm/generator_pm/basis_0_cmp_eq00001_wg_cy<4> (manager_pm/fill_pm/generator_pm/basis_0_cmp_eq00001_wg_cy<4>)
     MUXCY:CI->O           1   0.065   0.000  manager_pm/fill_pm/generator_pm/basis_0_cmp_eq00001_wg_cy<5> (manager_pm/fill_pm/generator_pm/basis_0_cmp_eq00001_wg_cy<5>)
     MUXCY:CI->O           1   0.065   0.000  manager_pm/fill_pm/generator_pm/basis_0_cmp_eq00001_wg_cy<6> (manager_pm/fill_pm/generator_pm/basis_0_cmp_eq00001_wg_cy<6>)
     MUXCY:CI->O           1   0.065   0.000  manager_pm/fill_pm/generator_pm/basis_0_cmp_eq00001_wg_cy<7> (manager_pm/fill_pm/generator_pm/basis_0_cmp_eq00001_wg_cy<7>)
     MUXCY:CI->O           1   0.065   0.000  manager_pm/fill_pm/generator_pm/basis_0_cmp_eq00001_wg_cy<8> (manager_pm/fill_pm/generator_pm/basis_0_cmp_eq00001_wg_cy<8>)
     MUXCY:CI->O           1   0.065   0.000  manager_pm/fill_pm/generator_pm/basis_0_cmp_eq00001_wg_cy<9> (manager_pm/fill_pm/generator_pm/basis_0_cmp_eq00001_wg_cy<9>)
     MUXCY:CI->O           1   0.065   0.000  manager_pm/fill_pm/generator_pm/basis_0_cmp_eq00001_wg_cy<10> (manager_pm/fill_pm/generator_pm/basis_0_cmp_eq00001_wg_cy<10>)
     MUXCY:CI->O           1   0.065   0.000  manager_pm/fill_pm/generator_pm/basis_0_cmp_eq00001_wg_cy<11> (manager_pm/fill_pm/generator_pm/basis_0_cmp_eq00001_wg_cy<11>)
     MUXCY:CI->O           1   0.065   0.000  manager_pm/fill_pm/generator_pm/basis_0_cmp_eq00001_wg_cy<12> (manager_pm/fill_pm/generator_pm/basis_0_cmp_eq00001_wg_cy<12>)
     MUXCY:CI->O           1   0.065   0.000  manager_pm/fill_pm/generator_pm/basis_0_cmp_eq00001_wg_cy<13> (manager_pm/fill_pm/generator_pm/basis_0_cmp_eq00001_wg_cy<13>)
     MUXCY:CI->O           1   0.065   0.000  manager_pm/fill_pm/generator_pm/basis_0_cmp_eq00001_wg_cy<14> (manager_pm/fill_pm/generator_pm/basis_0_cmp_eq00001_wg_cy<14>)
     MUXCY:CI->O           1   0.065   0.000  manager_pm/fill_pm/generator_pm/basis_0_cmp_eq00001_wg_cy<15> (manager_pm/fill_pm/generator_pm/basis_0_cmp_eq00001_wg_cy<15>)
     MUXCY:CI->O           1   0.065   0.000  manager_pm/fill_pm/generator_pm/basis_0_cmp_eq00001_wg_cy<16> (manager_pm/fill_pm/generator_pm/basis_0_cmp_eq00001_wg_cy<16>)
     MUXCY:CI->O           1   0.065   0.000  manager_pm/fill_pm/generator_pm/basis_0_cmp_eq00001_wg_cy<17> (manager_pm/fill_pm/generator_pm/basis_0_cmp_eq00001_wg_cy<17>)
     MUXCY:CI->O           1   0.065   0.000  manager_pm/fill_pm/generator_pm/basis_0_cmp_eq00001_wg_cy<18> (manager_pm/fill_pm/generator_pm/basis_0_cmp_eq00001_wg_cy<18>)
     MUXCY:CI->O           1   0.065   0.000  manager_pm/fill_pm/generator_pm/basis_0_cmp_eq00001_wg_cy<19> (manager_pm/fill_pm/generator_pm/basis_0_cmp_eq00001_wg_cy<19>)
     MUXCY:CI->O           1   0.065   0.000  manager_pm/fill_pm/generator_pm/basis_0_cmp_eq00001_wg_cy<20> (manager_pm/fill_pm/generator_pm/basis_0_cmp_eq00001_wg_cy<20>)
     MUXCY:CI->O           1   0.065   0.000  manager_pm/fill_pm/generator_pm/basis_0_cmp_eq00001_wg_cy<21> (manager_pm/fill_pm/generator_pm/basis_0_cmp_eq00001_wg_cy<21>)
     MUXCY:CI->O           1   0.065   0.000  manager_pm/fill_pm/generator_pm/basis_0_cmp_eq00001_wg_cy<22> (manager_pm/fill_pm/generator_pm/basis_0_cmp_eq00001_wg_cy<22>)
     MUXCY:CI->O           1   0.065   0.000  manager_pm/fill_pm/generator_pm/basis_0_cmp_eq00001_wg_cy<23> (manager_pm/fill_pm/generator_pm/basis_0_cmp_eq00001_wg_cy<23>)
     MUXCY:CI->O           1   0.065   0.000  manager_pm/fill_pm/generator_pm/basis_0_cmp_eq00001_wg_cy<24> (manager_pm/fill_pm/generator_pm/basis_0_cmp_eq00001_wg_cy<24>)
     MUXCY:CI->O           1   0.065   0.000  manager_pm/fill_pm/generator_pm/basis_0_cmp_eq00001_wg_cy<25> (manager_pm/fill_pm/generator_pm/basis_0_cmp_eq00001_wg_cy<25>)
     MUXCY:CI->O           1   0.065   0.000  manager_pm/fill_pm/generator_pm/basis_0_cmp_eq00001_wg_cy<26> (manager_pm/fill_pm/generator_pm/basis_0_cmp_eq00001_wg_cy<26>)
     MUXCY:CI->O           1   0.065   0.000  manager_pm/fill_pm/generator_pm/basis_0_cmp_eq00001_wg_cy<27> (manager_pm/fill_pm/generator_pm/basis_0_cmp_eq00001_wg_cy<27>)
     MUXCY:CI->O           4   0.269   0.730  manager_pm/fill_pm/generator_pm/basis_0_cmp_eq00001_wg_cy<28> (manager_pm/fill_pm/generator_pm/N0)
     LUT3:I0->O            2   0.648   0.527  manager_pm/fill_pm/generator_pm/basis_0_cmp_eq000021 (manager_pm/fill_pm/generator_pm/N9)
     LUT4:I1->O            1   0.643   0.423  manager_pm/man_led<1>32 (manager_pm/man_led<1>32)
     LUT4:I3->O            1   0.648   0.563  manager_pm/man_led<1>51 (manager_pm/man_led<1>51)
     LUT4:I0->O            1   0.648   0.500  manager_pm/man_led<1>67 (manager_pm/man_led<1>67)
     LUT2:I1->O            3   0.643   0.674  manager_pm/man_led<1>81 (scramble<1>)
     LUT4:I0->O            1   0.648   0.452  chaser_led5112 (chaser_led5112)
     LUT4:I2->O            1   0.648   0.000  chaser_led5307_G (N103)
     MUXF5:I1->O           1   0.276   0.420  chaser_led5307 (chaser_led5_OBUF)
     OBUF:I->O                 4.520          chaser_led5_OBUF (chaser_led5)
    ----------------------------------------
    Total                     40.950ns (30.509ns logic, 10.441ns route)
                                       (74.5% logic, 25.5% route)

=========================================================================
Timing constraint: Default OFFSET OUT AFTER for Clock 'dcm_pm/CLKDV_BUF'
  Total number of paths / destination ports: 2112 / 8
-------------------------------------------------------------------------
Offset:              16.013ns (Levels of Logic = 17)
  Source:            mode_current_24 (FF)
  Destination:       chaser_led5 (PAD)
  Source Clock:      dcm_pm/CLKDV_BUF rising

  Data Path: mode_current_24 to chaser_led5
                                Gate     Net
    Cell:in->out      fanout   Delay   Delay  Logical Name (Net Name)
    ----------------------------------------  ------------
     FDCE:C->Q             3   0.591   0.674  mode_current_24 (mode_current_24)
     LUT2:I0->O            1   0.648   0.000  manager_pm/man_led_and0000_wg_lut<0> (manager_pm/man_led_and0000_wg_lut<0>)
     MUXCY:S->O            1   0.632   0.000  manager_pm/man_led_and0000_wg_cy<0> (manager_pm/man_led_and0000_wg_cy<0>)
     MUXCY:CI->O           1   0.065   0.000  manager_pm/man_led_and0000_wg_cy<1> (manager_pm/man_led_and0000_wg_cy<1>)
     MUXCY:CI->O           1   0.065   0.000  manager_pm/man_led_and0000_wg_cy<2> (manager_pm/man_led_and0000_wg_cy<2>)
     MUXCY:CI->O           1   0.065   0.000  manager_pm/man_led_and0000_wg_cy<3> (manager_pm/man_led_and0000_wg_cy<3>)
     MUXCY:CI->O           1   0.065   0.000  manager_pm/man_led_and0000_wg_cy<4> (manager_pm/man_led_and0000_wg_cy<4>)
     MUXCY:CI->O           1   0.065   0.000  manager_pm/man_led_and0000_wg_cy<5> (manager_pm/man_led_and0000_wg_cy<5>)
     MUXCY:CI->O           1   0.065   0.000  manager_pm/man_led_and0000_wg_cy<6> (manager_pm/man_led_and0000_wg_cy<6>)
     MUXCY:CI->O          10   0.269   0.962  manager_pm/man_led_and0000_wg_cy<7> (manager_pm/man_led_and0000)
     LUT4:I1->O            1   0.643   0.000  manager_pm/man_led<0>2_wg_lut<7> (manager_pm/man_led<0>2_wg_lut<7>)
     MUXCY:S->O            8   0.836   0.900  manager_pm/man_led<0>2_wg_cy<7> (manager_pm/N4)
     LUT4:I0->O            1   0.648   0.563  manager_pm/man_led<4>7 (manager_pm/man_led<4>7)
     LUT2:I0->O            3   0.648   0.674  manager_pm/man_led<4>71 (scramble<4>)
     LUT4:I0->O            1   0.648   0.423  chaser_led5147_SW0 (N84)
     LUT4:I3->O            1   0.648   0.000  chaser_led5307_G (N103)
     MUXF5:I1->O           1   0.276   0.420  chaser_led5307 (chaser_led5_OBUF)
     OBUF:I->O                 4.520          chaser_led5_OBUF (chaser_led5)
    ----------------------------------------
    Total                     16.013ns (11.397ns logic, 4.616ns route)
                                       (71.2% logic, 28.8% route)

=========================================================================
Timing constraint: Default path analysis
  Total number of paths / destination ports: 48 / 11
-------------------------------------------------------------------------
Delay:               13.771ns (Levels of Logic = 9)
  Source:            chaser_rst (PAD)
  Destination:       chaser_led5 (PAD)

  Data Path: chaser_rst to chaser_led5
                                Gate     Net
    Cell:in->out      fanout   Delay   Delay  Logical Name (Net Name)
    ----------------------------------------  ------------
     IBUF:I->O            18   0.849   1.211  chaser_rst_IBUF (chaser_rst_IBUF)
     LUT4:I0->O            1   0.648   0.423  manager_pm/man_led<1>32 (manager_pm/man_led<1>32)
     LUT4:I3->O            1   0.648   0.563  manager_pm/man_led<1>51 (manager_pm/man_led<1>51)
     LUT4:I0->O            1   0.648   0.500  manager_pm/man_led<1>67 (manager_pm/man_led<1>67)
     LUT2:I1->O            3   0.643   0.674  manager_pm/man_led<1>81 (scramble<1>)
     LUT4:I0->O            1   0.648   0.452  chaser_led5112 (chaser_led5112)
     LUT4:I2->O            1   0.648   0.000  chaser_led5307_G (N103)
     MUXF5:I1->O           1   0.276   0.420  chaser_led5307 (chaser_led5_OBUF)
     OBUF:I->O                 4.520          chaser_led5_OBUF (chaser_led5)
    ----------------------------------------
    Total                     13.771ns (9.528ns logic, 4.243ns route)
                                       (69.2% logic, 30.8% route)

=========================================================================


Total REAL time to Xst completion: 36.00 secs
Total CPU time to Xst completion: 31.22 secs
 
--> 


Total memory usage is 220548 kilobytes

Number of errors   :    0 (   0 filtered)
Number of warnings :   62 (   0 filtered)
Number of infos    :    1 (   0 filtered)

