Release 10.1.02 Map K.37 (lin)
Xilinx Mapping Report File for Design 'entity_chaser'

Design Information
------------------
Command Line   : map -ise
/home/prakti01/Praktikumsverzeichnis/bearbeitung/BPTI/03/prakti01_03_lauflicht/p
rakti01_03_lauflicht.ise -intstyle ise -p xc3sd1800a-fg676-4 -cm area -pr off -k
4 -c 100 -o entity_chaser_map.ncd entity_chaser.ngd entity_chaser.pcf 
Target Device  : xc3sd1800a
Target Package : fg676
Target Speed   : -4
Mapper Version : spartan3adsp -- $Revision: 1.46.12.2 $
Mapped Date    : Wed Jun  3 15:46:44 2015

Design Summary
--------------
Number of errors:      0
Number of warnings:    0
Logic Utilization:
  Number of Slice Flip Flops:           267 out of  33,280    1%
  Number of 4 input LUTs:             1,284 out of  33,280    3%
Logic Distribution:
  Number of occupied Slices:            782 out of  16,640    4%
    Number of Slices containing only related logic:     782 out of     782 100%
    Number of Slices containing unrelated logic:          0 out of     782   0%
      *See NOTES below for an explanation of the effects of unrelated logic.
  Total Number of 4 input LUTs:       1,460 out of  33,280    4%
    Number used as logic:             1,284
    Number used as a route-thru:        176
  Number of bonded IOBs:                 22 out of     519    4%
  Number of BUFGMUXs:                     3 out of      24   12%
  Number of DCMs:                         1 out of       8   12%

Peak Memory Usage:  234 MB
Total REAL time to MAP completion:  14 secs 
Total CPU time to MAP completion:   10 secs 

NOTES:

   Related logic is defined as being logic that shares connectivity - e.g. two
   LUTs are "related" if they share common inputs.  When assembling slices,
   Map gives priority to combine logic that is related.  Doing so results in
   the best timing performance.

   Unrelated logic shares no connectivity.  Map will only begin packing
   unrelated logic into a slice once 99% of the slices are occupied through
   related logic packing.

   Note that once logic distribution reaches the 99% level through related
   logic packing, this does not mean the device is completely utilized.
   Unrelated logic packing will then begin, continuing until all usable LUTs
   and FFs are occupied.  Depending on your timing budget, increased levels of
   unrelated logic packing may adversely affect the overall timing performance
   of your design.

Table of Contents
-----------------
Section 1 - Errors
Section 2 - Warnings
Section 3 - Informational
Section 4 - Removed Logic Summary
Section 5 - Removed Logic
Section 6 - IOB Properties
Section 7 - RPMs
Section 8 - Guide Report
Section 9 - Area Group and Partition Summary
Section 10 - Modular Design Summary
Section 11 - Timing Report
Section 12 - Configuration String Information
Section 13 - Control Set Information
Section 14 - Utilization by Hierarchy

Section 1 - Errors
------------------

Section 2 - Warnings
--------------------

Section 3 - Informational
-------------------------
INFO:LIT:244 - All of the single ended outputs in this design are using slew
   rate limited output drivers. The delay on speed critical single ended outputs
   can be dramatically reduced by designating them as fast outputs.

Section 4 - Removed Logic Summary
---------------------------------
   2 block(s) optimized away

Section 5 - Removed Logic
-------------------------

Optimized Block(s):
TYPE 		BLOCK
GND 		XST_GND
VCC 		XST_VCC

To enable printing of redundant blocks removed and signals merged, set the
detailed map report option and rerun map.

Section 6 - IOB Properties
--------------------------

+--------------------------------------------------------------------------------------------------------------------------------------------------------------+
| IOB Name                           | Type             | Direction | IO Standard | Drive    | Slew    | Reg (s)      | Resistor | IBUF/IFD | SUSPEND          |
|                                    |                  |           |             | Strength | Rate    |              |          | Delay    |                  |
+--------------------------------------------------------------------------------------------------------------------------------------------------------------+
| chaser_clk_in                      | IBUF             | INPUT     | LVCMOS25    |          |         |              |          | 0 / 0    |                  |
| chaser_dip0                        | IBUF             | INPUT     | LVCMOS25    |          |         |              |          | 0 / 0    |                  |
| chaser_dip1                        | IBUF             | INPUT     | LVCMOS25    |          |         |              |          | 0 / 0    |                  |
| chaser_dip2                        | IBUF             | INPUT     | LVCMOS25    |          |         |              |          | 0 / 0    |                  |
| chaser_dip3                        | IBUF             | INPUT     | LVCMOS25    |          |         |              |          | 0 / 0    |                  |
| chaser_dip4                        | IBUF             | INPUT     | LVCMOS25    |          |         |              |          | 0 / 0    |                  |
| chaser_dip5                        | IBUF             | INPUT     | LVCMOS25    |          |         |              |          | 0 / 0    |                  |
| chaser_dip6                        | IBUF             | INPUT     | LVCMOS25    |          |         |              |          | 0 / 0    |                  |
| chaser_dip7                        | IBUF             | INPUT     | LVCMOS25    |          |         |              |          | 0 / 0    |                  |
| chaser_led0                        | IOB              | OUTPUT    | LVCMOS25    | 12       | SLOW    |              |          | 0 / 0    | 3STATE           |
| chaser_led1                        | IOB              | OUTPUT    | LVCMOS25    | 12       | SLOW    |              |          | 0 / 0    | 3STATE           |
| chaser_led2                        | IOB              | OUTPUT    | LVCMOS25    | 12       | SLOW    |              |          | 0 / 0    | 3STATE           |
| chaser_led3                        | IOB              | OUTPUT    | LVCMOS25    | 12       | SLOW    |              |          | 0 / 0    | 3STATE           |
| chaser_led4                        | IOB              | OUTPUT    | LVCMOS25    | 12       | SLOW    |              |          | 0 / 0    | 3STATE           |
| chaser_led5                        | IOB              | OUTPUT    | LVCMOS25    | 12       | SLOW    |              |          | 0 / 0    | 3STATE           |
| chaser_led6                        | IOB              | OUTPUT    | LVCMOS25    | 12       | SLOW    |              |          | 0 / 0    | 3STATE           |
| chaser_led7                        | IOB              | OUTPUT    | LVCMOS25    | 12       | SLOW    |              |          | 0 / 0    | 3STATE           |
| chaser_mode                        | IBUF             | INPUT     | LVCMOS25    |          |         |              |          | 0 / 0    |                  |
| chaser_rst                         | IBUF             | INPUT     | LVCMOS25    |          |         |              |          | 0 / 0    |                  |
| chaser_speed_down                  | IBUF             | INPUT     | LVCMOS25    |          |         |              |          | 0 / 0    |                  |
| chaser_speed_up                    | IBUF             | INPUT     | LVCMOS25    |          |         |              |          | 0 / 0    |                  |
| chaser_toggle                      | IBUF             | INPUT     | LVCMOS25    |          |         |              |          | 0 / 0    |                  |
+--------------------------------------------------------------------------------------------------------------------------------------------------------------+

Section 7 - RPMs
----------------

Section 8 - Guide Report
------------------------
Guide not run on this design.

Section 9 - Area Group and Partition Summary
--------------------------------------------

Partition Implementation Status
-------------------------------

  No Partitions were found in this design.

-------------------------------

Area Group Information
----------------------

  No area groups were found in this design.

----------------------

Section 10 - Modular Design Summary
-----------------------------------
Modular Design not used for this design.

Section 11 - Timing Report
--------------------------
This design was not run using timing mode.

Section 12 - Configuration String Details
-----------------------------------------
Use the "-detail" map option to print out Configuration Strings

Section 13 - Control Set Information
------------------------------------
No control set information for this architecture.

Section 14 - Utilization by Hierarchy
-------------------------------------
+--------------------------------------------------------------------------------------------------------------------------------------------------------------------------------------------+
| Module             | Partition | Slices        | Slice Reg     | LUTs          | LUTRAM        | BRAM      | DSP48A    | BUFG  | DCM   | Full Hierarchical Name                            |
+--------------------------------------------------------------------------------------------------------------------------------------------------------------------------------------------+
| entity_chaser/     |           | 488/1143      | 65/267        | 373/1460      | 0/0           | 0/0       | 0/0       | 0/3   | 0/1   | entity_chaser                                     |
| +clock_down_pm     |           | 34/34         | 34/34         | 66/66         | 0/0           | 0/0       | 0/0       | 1/1   | 0/0   | entity_chaser/clock_down_pm                       |
| +dcm_pm            |           | 0/0           | 0/0           | 0/0           | 0/0           | 0/0       | 0/0       | 2/2   | 1/1   | entity_chaser/dcm_pm                              |
| +manager_pm        |           | 32/619        | 0/168         | 57/1018       | 0/0           | 0/0       | 0/0       | 0/0   | 0/0   | entity_chaser/manager_pm                          |
| ++bitcounter_pm    |           | 0/85          | 0/40          | 0/126         | 0/0           | 0/0       | 0/0       | 0/0   | 0/0   | entity_chaser/manager_pm/bitcounter_pm            |
| +++counter_pm      |           | 85/85         | 40/40         | 126/126       | 0/0           | 0/0       | 0/0       | 0/0   | 0/0   | entity_chaser/manager_pm/bitcounter_pm/counter_pm |
| ++cross_pm         |           | 15/108        | 0/64          | 28/146        | 0/0           | 0/0       | 0/0       | 0/0   | 0/0   | entity_chaser/manager_pm/cross_pm                 |
| +++counter_pm      |           | 93/93         | 64/64         | 118/118       | 0/0           | 0/0       | 0/0       | 0/0   | 0/0   | entity_chaser/manager_pm/cross_pm/counter_pm      |
| ++fill_pm          |           | 0/394         | 0/64          | 0/689         | 0/0           | 0/0       | 0/0       | 0/0   | 0/0   | entity_chaser/manager_pm/fill_pm                  |
| +++counter_pm      |           | 95/95         | 64/64         | 117/117       | 0/0           | 0/0       | 0/0       | 0/0   | 0/0   | entity_chaser/manager_pm/fill_pm/counter_pm       |
| +++generator_pm    |           | 299/299       | 0/0           | 572/572       | 0/0           | 0/0       | 0/0       | 0/0   | 0/0   | entity_chaser/manager_pm/fill_pm/generator_pm     |
| +scramble_pm       |           | 2/2           | 0/0           | 3/3           | 0/0           | 0/0       | 0/0       | 0/0   | 0/0   | entity_chaser/scramble_pm                         |
+--------------------------------------------------------------------------------------------------------------------------------------------------------------------------------------------+

* Slices can be packed with basic elements from multiple hierarchies.
  Therefore, a slice will be counted in every hierarchical module
  that each of its packed basic elements belong to.
** For each column, there are two numbers reported <A>/<B>.
   <A> is the number of elements that belong to that specific hierarchical module.
   <B> is the total number of elements from that hierarchical module and any lower level
   hierarchical modules below.
*** The LUTRAM column counts all LUTs used as memory including RAM, ROM, and shift registers.
