Release 10.1.02 - xst K.37 (lin)
Copyright (c) 1995-2008 Xilinx, Inc.  All rights reserved.
--> 
Parameter TMPDIR set to /home/prakti01/Praktikumsverzeichnis/bearbeitung/BPTI/04/prakti01_04_2/xst/projnav.tmp


Total REAL time to Xst completion: 0.00 secs
Total CPU time to Xst completion: 0.08 secs
 
--> 
Parameter xsthdpdir set to /home/prakti01/Praktikumsverzeichnis/bearbeitung/BPTI/04/prakti01_04_2/xst


Total REAL time to Xst completion: 0.00 secs
Total CPU time to Xst completion: 0.08 secs
 
--> 
Reading design: entity_vgagenerator_grad.prj

TABLE OF CONTENTS
  1) Synthesis Options Summary
  2) HDL Compilation
  3) Design Hierarchy Analysis
  4) HDL Analysis
  5) HDL Synthesis
     5.1) HDL Synthesis Report
  6) Advanced HDL Synthesis
     6.1) Advanced HDL Synthesis Report
  7) Low Level Synthesis
  8) Partition Report
  9) Final Report
     9.1) Device utilization summary
     9.2) Partition Resource Summary
     9.3) TIMING REPORT


=========================================================================
*                      Synthesis Options Summary                        *
=========================================================================
---- Source Parameters
Input File Name                    : "entity_vgagenerator_grad.prj"
Input Format                       : mixed
Ignore Synthesis Constraint File   : NO

---- Target Parameters
Output File Name                   : "entity_vgagenerator_grad"
Output Format                      : NGC
Target Device                      : xc3sd1800a-4-fg676

---- Source Options
Top Module Name                    : entity_vgagenerator_grad
Automatic FSM Extraction           : YES
FSM Encoding Algorithm             : Auto
Safe Implementation                : No
FSM Style                          : lut
RAM Extraction                     : Yes
RAM Style                          : Auto
ROM Extraction                     : Yes
Mux Style                          : Auto
Decoder Extraction                 : YES
Priority Encoder Extraction        : YES
Shift Register Extraction          : YES
Logical Shifter Extraction         : YES
XOR Collapsing                     : YES
ROM Style                          : Auto
Mux Extraction                     : YES
Resource Sharing                   : YES
Asynchronous To Synchronous        : NO
Use DSP Block                      : auto
Automatic Register Balancing       : No

---- Target Options
Add IO Buffers                     : YES
Global Maximum Fanout              : 500
Add Generic Clock Buffer(BUFG)     : 24
Register Duplication               : YES
Slice Packing                      : YES
Optimize Instantiated Primitives   : NO
Use Clock Enable                   : Yes
Use Synchronous Set                : Yes
Use Synchronous Reset              : Yes
Pack IO Registers into IOBs        : auto
Equivalent register Removal        : YES

---- General Options
Optimization Goal                  : Speed
Optimization Effort                : 1
Library Search Order               : entity_vgagenerator_grad.lso
Keep Hierarchy                     : NO
Netlist Hierarchy                  : as_optimized
RTL Output                         : Yes
Global Optimization                : AllClockNets
Read Cores                         : YES
Write Timing Constraints           : NO
Cross Clock Analysis               : NO
Hierarchy Separator                : /
Bus Delimiter                      : <>
Case Specifier                     : maintain
Slice Utilization Ratio            : 100
BRAM Utilization Ratio             : 100
DSP48 Utilization Ratio            : 100
Verilog 2001                       : YES
Auto BRAM Packing                  : NO
Slice Utilization Ratio Delta      : 5

=========================================================================


=========================================================================
*                          HDL Compilation                              *
=========================================================================
Compiling vhdl file "/home/prakti01/Praktikumsverzeichnis/bearbeitung/BPTI/04/files/colourcombiner.vhd" in Library work.
Architecture architecture_colourcombiner of Entity entity_colourcombiner is up to date.
Compiling vhdl file "/home/prakti01/Praktikumsverzeichnis/bearbeitung/BPTI/04/files/pxlgen_whiteborder.vhd" in Library work.
Architecture architecture_whiteborder of Entity entity_whiteborder is up to date.
Compiling vhdl file "/home/prakti01/Praktikumsverzeichnis/bearbeitung/BPTI/04/files/pxlgen_gradient.vhd" in Library work.
Architecture architecture_gradient of Entity entity_gradient is up to date.
Compiling vhdl file "/home/prakti01/Praktikumsverzeichnis/bearbeitung/BPTI/04/files/siggen_hsyncgenerator.vhd" in Library work.
Architecture architecture_hsyncgenerator of Entity entity_hsyncgenerator is up to date.
Compiling vhdl file "/home/prakti01/Praktikumsverzeichnis/bearbeitung/BPTI/04/files/siggen_vsyncgenerator.vhd" in Library work.
Architecture architecture_vsyncgenerator of Entity entity_vsyncgenerator is up to date.
Compiling vhdl file "/home/prakti01/Praktikumsverzeichnis/bearbeitung/BPTI/04/files/signalgenerator.vhd" in Library work.
Architecture architecture_signalgenerator of Entity entity_signalgenerator is up to date.
Compiling vhdl file "/home/prakti01/Praktikumsverzeichnis/bearbeitung/BPTI/04/files/pixelgenerator_gradient.vhd" in Library work.
Architecture architecture_pixelgenerator_gradient of Entity entity_pixelgenerator_gradient is up to date.
Compiling vhdl file "/home/prakti01/Praktikumsverzeichnis/bearbeitung/BPTI/04/files/vgagenerator_grad.vhd" in Library work.
Entity <entity_vgagenerator_grad> compiled.
Entity <entity_vgagenerator_grad> (Architecture <architecture_vgagenerator_grad>) compiled.

=========================================================================
*                     Design Hierarchy Analysis                         *
=========================================================================
Analyzing hierarchy for entity <entity_vgagenerator_grad> in library <work> (architecture <architecture_vgagenerator_grad>).

Analyzing hierarchy for entity <entity_signalgenerator> in library <work> (architecture <architecture_signalgenerator>).

Analyzing hierarchy for entity <entity_pixelgenerator_gradient> in library <work> (architecture <architecture_pixelgenerator_gradient>).

Analyzing hierarchy for entity <entity_hsyncgenerator> in library <work> (architecture <architecture_hsyncgenerator>).

Analyzing hierarchy for entity <entity_vsyncgenerator> in library <work> (architecture <architecture_vsyncgenerator>).

Analyzing hierarchy for entity <entity_whiteborder> in library <work> (architecture <architecture_whiteborder>).

Analyzing hierarchy for entity <entity_gradient> in library <work> (architecture <architecture_gradient>).

Analyzing hierarchy for entity <entity_colourcombiner> in library <work> (architecture <architecture_colourcombiner>).


=========================================================================
*                            HDL Analysis                               *
=========================================================================
Analyzing Entity <entity_vgagenerator_grad> in library <work> (Architecture <architecture_vgagenerator_grad>).
Entity <entity_vgagenerator_grad> analyzed. Unit <entity_vgagenerator_grad> generated.

Analyzing Entity <entity_signalgenerator> in library <work> (Architecture <architecture_signalgenerator>).
Entity <entity_signalgenerator> analyzed. Unit <entity_signalgenerator> generated.

Analyzing Entity <entity_hsyncgenerator> in library <work> (Architecture <architecture_hsyncgenerator>).
Entity <entity_hsyncgenerator> analyzed. Unit <entity_hsyncgenerator> generated.

Analyzing Entity <entity_vsyncgenerator> in library <work> (Architecture <architecture_vsyncgenerator>).
Entity <entity_vsyncgenerator> analyzed. Unit <entity_vsyncgenerator> generated.

Analyzing Entity <entity_pixelgenerator_gradient> in library <work> (Architecture <architecture_pixelgenerator_gradient>).
WARNING:Xst:753 - "/home/prakti01/Praktikumsverzeichnis/bearbeitung/BPTI/04/files/pixelgenerator_gradient.vhd" line 71: Unconnected output port 'grad_col_out' of component 'entity_gradient'.
WARNING:Xst:753 - "/home/prakti01/Praktikumsverzeichnis/bearbeitung/BPTI/04/files/pixelgenerator_gradient.vhd" line 71: Unconnected output port 'grad_row_out' of component 'entity_gradient'.
Entity <entity_pixelgenerator_gradient> analyzed. Unit <entity_pixelgenerator_gradient> generated.

Analyzing Entity <entity_whiteborder> in library <work> (Architecture <architecture_whiteborder>).
Entity <entity_whiteborder> analyzed. Unit <entity_whiteborder> generated.

Analyzing Entity <entity_colourcombiner> in library <work> (Architecture <architecture_colourcombiner>).
Entity <entity_colourcombiner> analyzed. Unit <entity_colourcombiner> generated.

Analyzing Entity <entity_gradient> in library <work> (Architecture <architecture_gradient>).
Entity <entity_gradient> analyzed. Unit <entity_gradient> generated.


=========================================================================
*                           HDL Synthesis                               *
=========================================================================

Performing bidirectional port resolution...

Synthesizing Unit <entity_hsyncgenerator>.
    Related source file is "/home/prakti01/Praktikumsverzeichnis/bearbeitung/BPTI/04/files/siggen_hsyncgenerator.vhd".
    Found 11-bit register for signal <hsync_row>.
    Found 1-bit register for signal <hsync_out>.
    Found 32-bit register for signal <counter>.
    Found 32-bit adder for signal <counter$add0000> created at line 49.
    Found 32-bit comparator lessequal for signal <counter$cmp_le0000> created at line 26.
    Found 32-bit comparator lessequal for signal <counter$cmp_le0001> created at line 29.
    Found 32-bit comparator lessequal for signal <counter$cmp_le0002> created at line 38.
    Found 32-bit comparator lessequal for signal <hsync_out$or0000>.
    Found 10-bit register for signal <rowcounter>.
    Found 10-bit adder for signal <rowcounter$addsub0000> created at line 34.
    Found 32-bit comparator greater for signal <rowcounter$cmp_gt0000> created at line 29.
    Summary:
	inferred  54 D-type flip-flop(s).
	inferred   2 Adder/Subtractor(s).
	inferred   5 Comparator(s).
Unit <entity_hsyncgenerator> synthesized.


Synthesizing Unit <entity_vsyncgenerator>.
    Related source file is "/home/prakti01/Praktikumsverzeichnis/bearbeitung/BPTI/04/files/siggen_vsyncgenerator.vhd".
WARNING:Xst:737 - Found 1-bit latch for signal <vsync_out>. Latches may be generated from incomplete case or if statements. We do not recommend the use of latches in FPGA/CPLD designs, as they may lead to timing problems.
WARNING:Xst:737 - Found 9-bit latch for signal <colcounter>. Latches may be generated from incomplete case or if statements. We do not recommend the use of latches in FPGA/CPLD designs, as they may lead to timing problems.
WARNING:Xst:737 - Found 10-bit latch for signal <vsync_col>. Latches may be generated from incomplete case or if statements. We do not recommend the use of latches in FPGA/CPLD designs, as they may lead to timing problems.
WARNING:Xst:737 - Found 32-bit latch for signal <counter>. Latches may be generated from incomplete case or if statements. We do not recommend the use of latches in FPGA/CPLD designs, as they may lead to timing problems.
    Found 9-bit adder for signal <colcounter$addsub0000> created at line 35.
    Found 32-bit adder for signal <counter$add0000> created at line 47.
    Found 32-bit comparator lessequal for signal <counter$cmp_le0000> created at line 27.
    Found 32-bit comparator lessequal for signal <counter$cmp_le0001> created at line 30.
    Found 32-bit comparator lessequal for signal <counter$cmp_le0002> created at line 35.
    Summary:
	inferred   2 Adder/Subtractor(s).
	inferred   3 Comparator(s).
Unit <entity_vsyncgenerator> synthesized.


Synthesizing Unit <entity_colourcombiner>.
    Related source file is "/home/prakti01/Praktikumsverzeichnis/bearbeitung/BPTI/04/files/colourcombiner.vhd".
Unit <entity_colourcombiner> synthesized.


Synthesizing Unit <entity_signalgenerator>.
    Related source file is "/home/prakti01/Praktikumsverzeichnis/bearbeitung/BPTI/04/files/signalgenerator.vhd".
Unit <entity_signalgenerator> synthesized.


Synthesizing Unit <entity_whiteborder>.
    Related source file is "/home/prakti01/Praktikumsverzeichnis/bearbeitung/BPTI/04/files/pxlgen_whiteborder.vhd".
    Found 10-bit comparator greatequal for signal <green_gen$cmp_ge0000> created at line 53.
    Found 10-bit comparator greatequal for signal <green_gen$cmp_ge0001> created at line 53.
    Found 11-bit comparator greatequal for signal <green_gen$cmp_ge0002> created at line 53.
    Found 11-bit comparator greatequal for signal <green_gen$cmp_ge0003> created at line 53.
    Found 10-bit comparator greater for signal <green_gen$cmp_gt0000> created at line 52.
    Found 11-bit comparator greater for signal <green_gen$cmp_gt0001> created at line 52.
    Found 10-bit comparator lessequal for signal <green_gen$cmp_le0000> created at line 53.
    Found 10-bit comparator lessequal for signal <green_gen$cmp_le0001> created at line 53.
    Found 11-bit comparator lessequal for signal <green_gen$cmp_le0002> created at line 53.
    Found 11-bit comparator lessequal for signal <green_gen$cmp_le0003> created at line 53.
    Summary:
	inferred  10 Comparator(s).
Unit <entity_whiteborder> synthesized.


Synthesizing Unit <entity_gradient>.
    Related source file is "/home/prakti01/Praktikumsverzeichnis/bearbeitung/BPTI/04/files/pxlgen_gradient.vhd".
    Found 10-bit adder for signal <fract_col$add0000>.
    Found 10-bit adder for signal <fract_col$addsub0000>.
    Found 11-bit adder for signal <fract_row$add0000>.
    Found 11-bit adder for signal <fract_row$addsub0000>.
    Found 10-bit comparator greater for signal <green_gen$cmp_gt0000> created at line 48.
    Found 11-bit comparator greater for signal <green_gen$cmp_gt0001> created at line 48.
    Summary:
	inferred   4 Adder/Subtractor(s).
	inferred   2 Comparator(s).
Unit <entity_gradient> synthesized.


Synthesizing Unit <entity_pixelgenerator_gradient>.
    Related source file is "/home/prakti01/Praktikumsverzeichnis/bearbeitung/BPTI/04/files/pixelgenerator_gradient.vhd".
WARNING:Xst:1780 - Signal <row<31:11>> is never used or assigned. This unconnected signal will be trimmed during the optimization process.
WARNING:Xst:1780 - Signal <col<31:10>> is never used or assigned. This unconnected signal will be trimmed during the optimization process.
Unit <entity_pixelgenerator_gradient> synthesized.


Synthesizing Unit <entity_vgagenerator_grad>.
    Related source file is "/home/prakti01/Praktikumsverzeichnis/bearbeitung/BPTI/04/files/vgagenerator_grad.vhd".
WARNING:Xst:646 - Signal <row<10>> is assigned but never used. This unconnected signal will be trimmed during the optimization process.
WARNING:Xst:646 - Signal <col<9>> is assigned but never used. This unconnected signal will be trimmed during the optimization process.
Unit <entity_vgagenerator_grad> synthesized.


=========================================================================
HDL Synthesis Report

Macro Statistics
# Adders/Subtractors                                   : 8
 10-bit adder                                          : 3
 11-bit adder                                          : 2
 32-bit adder                                          : 2
 9-bit adder                                           : 1
# Registers                                            : 4
 1-bit register                                        : 1
 10-bit register                                       : 1
 11-bit register                                       : 1
 32-bit register                                       : 1
# Latches                                              : 4
 1-bit latch                                           : 1
 10-bit latch                                          : 1
 32-bit latch                                          : 1
 9-bit latch                                           : 1
# Comparators                                          : 20
 10-bit comparator greatequal                          : 2
 10-bit comparator greater                             : 2
 10-bit comparator lessequal                           : 2
 11-bit comparator greatequal                          : 2
 11-bit comparator greater                             : 2
 11-bit comparator lessequal                           : 2
 32-bit comparator greater                             : 1
 32-bit comparator lessequal                           : 7

=========================================================================

=========================================================================
*                       Advanced HDL Synthesis                          *
=========================================================================

Loading device for application Rf_Device from file '3sd1800a.nph' in environment /opt/Xilinx/10.1/ISE.
WARNING:Xst:2677 - Node <hsync_row_10> of sequential type is unconnected in block <hsync_pm>.

=========================================================================
Advanced HDL Synthesis Report

Macro Statistics
# Adders/Subtractors                                   : 8
 10-bit adder                                          : 2
 32-bit adder                                          : 2
 4-bit adder                                           : 2
 9-bit adder                                           : 2
# Registers                                            : 54
 Flip-Flops                                            : 54
# Latches                                              : 4
 1-bit latch                                           : 1
 10-bit latch                                          : 1
 32-bit latch                                          : 1
 9-bit latch                                           : 1
# Comparators                                          : 20
 10-bit comparator greatequal                          : 2
 10-bit comparator greater                             : 2
 10-bit comparator lessequal                           : 2
 11-bit comparator greatequal                          : 2
 11-bit comparator greater                             : 2
 11-bit comparator lessequal                           : 2
 32-bit comparator greater                             : 1
 32-bit comparator lessequal                           : 7

=========================================================================

=========================================================================
*                         Low Level Synthesis                           *
=========================================================================

Optimizing unit <entity_vgagenerator_grad> ...

Optimizing unit <entity_hsyncgenerator> ...

Optimizing unit <entity_vsyncgenerator> ...
WARNING:Xst:2677 - Node <signalgenerator_pm/hsync_pm/hsync_row_10> of sequential type is unconnected in block <entity_vgagenerator_grad>.
WARNING:Xst:2677 - Node <signalgenerator_pm/hsync_pm/hsync_row_9> of sequential type is unconnected in block <entity_vgagenerator_grad>.
WARNING:Xst:2677 - Node <signalgenerator_pm/hsync_pm/hsync_row_8> of sequential type is unconnected in block <entity_vgagenerator_grad>.
WARNING:Xst:2677 - Node <signalgenerator_pm/hsync_pm/hsync_row_7> of sequential type is unconnected in block <entity_vgagenerator_grad>.
WARNING:Xst:2677 - Node <signalgenerator_pm/hsync_pm/hsync_row_6> of sequential type is unconnected in block <entity_vgagenerator_grad>.
WARNING:Xst:2677 - Node <signalgenerator_pm/hsync_pm/hsync_row_5> of sequential type is unconnected in block <entity_vgagenerator_grad>.
WARNING:Xst:2677 - Node <signalgenerator_pm/hsync_pm/hsync_row_4> of sequential type is unconnected in block <entity_vgagenerator_grad>.
WARNING:Xst:2677 - Node <signalgenerator_pm/hsync_pm/hsync_row_3> of sequential type is unconnected in block <entity_vgagenerator_grad>.
WARNING:Xst:2677 - Node <signalgenerator_pm/hsync_pm/hsync_row_2> of sequential type is unconnected in block <entity_vgagenerator_grad>.
WARNING:Xst:2677 - Node <signalgenerator_pm/hsync_pm/hsync_row_1> of sequential type is unconnected in block <entity_vgagenerator_grad>.
WARNING:Xst:2677 - Node <signalgenerator_pm/hsync_pm/hsync_row_0> of sequential type is unconnected in block <entity_vgagenerator_grad>.
WARNING:Xst:2677 - Node <signalgenerator_pm/hsync_pm/rowcounter_9> of sequential type is unconnected in block <entity_vgagenerator_grad>.
WARNING:Xst:2677 - Node <signalgenerator_pm/hsync_pm/rowcounter_8> of sequential type is unconnected in block <entity_vgagenerator_grad>.
WARNING:Xst:2677 - Node <signalgenerator_pm/hsync_pm/rowcounter_7> of sequential type is unconnected in block <entity_vgagenerator_grad>.
WARNING:Xst:2677 - Node <signalgenerator_pm/hsync_pm/rowcounter_6> of sequential type is unconnected in block <entity_vgagenerator_grad>.
WARNING:Xst:2677 - Node <signalgenerator_pm/hsync_pm/rowcounter_5> of sequential type is unconnected in block <entity_vgagenerator_grad>.
WARNING:Xst:2677 - Node <signalgenerator_pm/hsync_pm/rowcounter_4> of sequential type is unconnected in block <entity_vgagenerator_grad>.
WARNING:Xst:2677 - Node <signalgenerator_pm/hsync_pm/rowcounter_3> of sequential type is unconnected in block <entity_vgagenerator_grad>.
WARNING:Xst:2677 - Node <signalgenerator_pm/hsync_pm/rowcounter_2> of sequential type is unconnected in block <entity_vgagenerator_grad>.
WARNING:Xst:2677 - Node <signalgenerator_pm/hsync_pm/rowcounter_1> of sequential type is unconnected in block <entity_vgagenerator_grad>.
WARNING:Xst:2677 - Node <signalgenerator_pm/hsync_pm/rowcounter_0> of sequential type is unconnected in block <entity_vgagenerator_grad>.
WARNING:Xst:2677 - Node <signalgenerator_pm/vsync_pm/colcounter_8> of sequential type is unconnected in block <entity_vgagenerator_grad>.
WARNING:Xst:2677 - Node <signalgenerator_pm/vsync_pm/colcounter_7> of sequential type is unconnected in block <entity_vgagenerator_grad>.
WARNING:Xst:2677 - Node <signalgenerator_pm/vsync_pm/colcounter_6> of sequential type is unconnected in block <entity_vgagenerator_grad>.
WARNING:Xst:2677 - Node <signalgenerator_pm/vsync_pm/colcounter_5> of sequential type is unconnected in block <entity_vgagenerator_grad>.
WARNING:Xst:2677 - Node <signalgenerator_pm/vsync_pm/colcounter_4> of sequential type is unconnected in block <entity_vgagenerator_grad>.
WARNING:Xst:2677 - Node <signalgenerator_pm/vsync_pm/colcounter_3> of sequential type is unconnected in block <entity_vgagenerator_grad>.
WARNING:Xst:2677 - Node <signalgenerator_pm/vsync_pm/colcounter_2> of sequential type is unconnected in block <entity_vgagenerator_grad>.
WARNING:Xst:2677 - Node <signalgenerator_pm/vsync_pm/colcounter_1> of sequential type is unconnected in block <entity_vgagenerator_grad>.
WARNING:Xst:2677 - Node <signalgenerator_pm/vsync_pm/colcounter_0> of sequential type is unconnected in block <entity_vgagenerator_grad>.
WARNING:Xst:2677 - Node <signalgenerator_pm/vsync_pm/vsync_col_9> of sequential type is unconnected in block <entity_vgagenerator_grad>.
WARNING:Xst:2677 - Node <signalgenerator_pm/vsync_pm/vsync_col_8> of sequential type is unconnected in block <entity_vgagenerator_grad>.
WARNING:Xst:2677 - Node <signalgenerator_pm/vsync_pm/vsync_col_7> of sequential type is unconnected in block <entity_vgagenerator_grad>.
WARNING:Xst:2677 - Node <signalgenerator_pm/vsync_pm/vsync_col_6> of sequential type is unconnected in block <entity_vgagenerator_grad>.
WARNING:Xst:2677 - Node <signalgenerator_pm/vsync_pm/vsync_col_5> of sequential type is unconnected in block <entity_vgagenerator_grad>.
WARNING:Xst:2677 - Node <signalgenerator_pm/vsync_pm/vsync_col_4> of sequential type is unconnected in block <entity_vgagenerator_grad>.
WARNING:Xst:2677 - Node <signalgenerator_pm/vsync_pm/vsync_col_3> of sequential type is unconnected in block <entity_vgagenerator_grad>.
WARNING:Xst:2677 - Node <signalgenerator_pm/vsync_pm/vsync_col_2> of sequential type is unconnected in block <entity_vgagenerator_grad>.
WARNING:Xst:2677 - Node <signalgenerator_pm/vsync_pm/vsync_col_1> of sequential type is unconnected in block <entity_vgagenerator_grad>.
WARNING:Xst:2677 - Node <signalgenerator_pm/vsync_pm/vsync_col_0> of sequential type is unconnected in block <entity_vgagenerator_grad>.

Mapping all equations...
Building and optimizing final netlist ...
Found area constraint ratio of 100 (+ 5) on block entity_vgagenerator_grad, actual ratio is 0.

Final Macro Processing ...

=========================================================================
Final Register Report

Macro Statistics
# Registers                                            : 33
 Flip-Flops                                            : 33

=========================================================================

=========================================================================
*                           Partition Report                             *
=========================================================================

Partition Implementation Status
-------------------------------

  No Partitions were found in this design.

-------------------------------

=========================================================================
*                            Final Report                               *
=========================================================================
Final Results
RTL Top Level Output File Name     : entity_vgagenerator_grad.ngr
Top Level Output File Name         : entity_vgagenerator_grad
Output Format                      : NGC
Optimization Goal                  : Speed
Keep Hierarchy                     : NO

Design Statistics
# IOs                              : 15

Cell Usage :
# BELS                             : 357
#      GND                         : 1
#      INV                         : 20
#      LUT1                        : 6
#      LUT2                        : 35
#      LUT3                        : 2
#      LUT4                        : 86
#      MUXCY                       : 142
#      VCC                         : 1
#      XORCY                       : 64
# FlipFlops/Latches                : 66
#      FD                          : 32
#      FDR                         : 1
#      LD_1                        : 33
# Clock Buffers                    : 2
#      BUFG                        : 1
#      BUFGP                       : 1
# IO Buffers                       : 14
#      OBUF                        : 14
=========================================================================

Device utilization summary:
---------------------------

Selected Device : 3sd1800afg676-4 

 Number of Slices:                       94  out of  16640     0%  
 Number of Slice Flip Flops:             66  out of  33280     0%  
 Number of 4 input LUTs:                149  out of  33280     0%  
 Number of IOs:                          15
 Number of bonded IOBs:                  15  out of    519     2%  
 Number of GCLKs:                         2  out of     24     8%  

---------------------------
Partition Resource Summary:
---------------------------

  No Partitions were found in this design.

---------------------------


=========================================================================
TIMING REPORT

NOTE: THESE TIMING NUMBERS ARE ONLY A SYNTHESIS ESTIMATE.
      FOR ACCURATE TIMING INFORMATION PLEASE REFER TO THE TRACE REPORT
      GENERATED AFTER PLACE-and-ROUTE.

Clock Information:
------------------
--------------------------------------+------------------------+-------+
Clock Signal                          | Clock buffer(FF name)  | Load  |
--------------------------------------+------------------------+-------+
vga_clk_in                            | BUFGP                  | 33    |
signalgenerator_pm/hsync_pm/hsync_out1| BUFG                   | 33    |
--------------------------------------+------------------------+-------+

Asynchronous Control Signals Information:
----------------------------------------
No asynchronous control signals found in this design

Timing Summary:
---------------
Speed Grade: -4

   Minimum period: 9.949ns (Maximum Frequency: 100.513MHz)
   Minimum input arrival time before clock: No path found
   Maximum output required time after clock: 5.668ns
   Maximum combinational path delay: No path found

Timing Detail:
--------------
All values displayed in nanoseconds (ns)

=========================================================================
Timing constraint: Default period analysis for Clock 'vga_clk_in'
  Clock period: 9.949ns (frequency: 100.513MHz)
  Total number of paths / destination ports: 67617 / 33
-------------------------------------------------------------------------
Delay:               9.949ns (Levels of Logic = 47)
  Source:            signalgenerator_pm/hsync_pm/counter_0 (FF)
  Destination:       signalgenerator_pm/hsync_pm/counter_31 (FF)
  Source Clock:      vga_clk_in rising
  Destination Clock: vga_clk_in rising

  Data Path: signalgenerator_pm/hsync_pm/counter_0 to signalgenerator_pm/hsync_pm/counter_31
                                Gate     Net
    Cell:in->out      fanout   Delay   Delay  Logical Name (Net Name)
    ----------------------------------------  ------------
     FD:C->Q               4   0.591   0.730  signalgenerator_pm/hsync_pm/counter_0 (signalgenerator_pm/hsync_pm/counter_0)
     LUT2:I0->O            1   0.648   0.000  signalgenerator_pm/hsync_pm/Mcompar_hsync_out_or0000_lut<0>2 (signalgenerator_pm/hsync_pm/Mcompar_hsync_out_or0000_lut<0>2)
     MUXCY:S->O            1   0.632   0.000  signalgenerator_pm/hsync_pm/Mcompar_hsync_out_or0000_cy<0>_1 (signalgenerator_pm/hsync_pm/Mcompar_hsync_out_or0000_cy<0>2)
     MUXCY:CI->O           1   0.065   0.000  signalgenerator_pm/hsync_pm/Mcompar_hsync_out_or0000_cy<1>_1 (signalgenerator_pm/hsync_pm/Mcompar_hsync_out_or0000_cy<1>2)
     MUXCY:CI->O           1   0.065   0.000  signalgenerator_pm/hsync_pm/Mcompar_hsync_out_or0000_cy<2>_1 (signalgenerator_pm/hsync_pm/Mcompar_hsync_out_or0000_cy<2>2)
     MUXCY:CI->O           1   0.065   0.000  signalgenerator_pm/hsync_pm/Mcompar_hsync_out_or0000_cy<3>_1 (signalgenerator_pm/hsync_pm/Mcompar_hsync_out_or0000_cy<3>2)
     MUXCY:CI->O           1   0.065   0.000  signalgenerator_pm/hsync_pm/Mcompar_hsync_out_or0000_cy<4>_1 (signalgenerator_pm/hsync_pm/Mcompar_hsync_out_or0000_cy<4>2)
     MUXCY:CI->O           1   0.065   0.000  signalgenerator_pm/hsync_pm/Mcompar_hsync_out_or0000_cy<5>_1 (signalgenerator_pm/hsync_pm/Mcompar_hsync_out_or0000_cy<5>2)
     MUXCY:CI->O           1   0.065   0.000  signalgenerator_pm/hsync_pm/Mcompar_hsync_out_or0000_cy<6>_1 (signalgenerator_pm/hsync_pm/Mcompar_hsync_out_or0000_cy<6>2)
     MUXCY:CI->O           1   0.065   0.000  signalgenerator_pm/hsync_pm/Mcompar_hsync_out_or0000_cy<7>_1 (signalgenerator_pm/hsync_pm/Mcompar_hsync_out_or0000_cy<7>2)
     MUXCY:CI->O           1   0.065   0.000  signalgenerator_pm/hsync_pm/Mcompar_hsync_out_or0000_cy<8>_1 (signalgenerator_pm/hsync_pm/Mcompar_hsync_out_or0000_cy<8>1)
     MUXCY:CI->O           1   0.065   0.000  signalgenerator_pm/hsync_pm/Mcompar_hsync_out_or0000_cy<9>_0 (signalgenerator_pm/hsync_pm/Mcompar_hsync_out_or0000_cy<9>1)
     MUXCY:CI->O           1   0.065   0.000  signalgenerator_pm/hsync_pm/Mcompar_hsync_out_or0000_cy<10>_0 (signalgenerator_pm/hsync_pm/Mcompar_hsync_out_or0000_cy<10>1)
     MUXCY:CI->O           6   0.269   0.749  signalgenerator_pm/hsync_pm/Mcompar_hsync_out_or0000_cy<11>_0 (signalgenerator_pm/hsync_pm/counter_cmp_le0000)
     LUT2:I1->O            7   0.643   0.711  signalgenerator_pm/hsync_pm/counter_mux0000<0>11_SW0 (N4)
     LUT4:I3->O            1   0.648   0.000  signalgenerator_pm/hsync_pm/Madd_counter_add0000_lut<0> (signalgenerator_pm/hsync_pm/Madd_counter_add0000_lut<0>)
     MUXCY:S->O            1   0.632   0.000  signalgenerator_pm/hsync_pm/Madd_counter_add0000_cy<0> (signalgenerator_pm/hsync_pm/Madd_counter_add0000_cy<0>)
     MUXCY:CI->O           1   0.065   0.000  signalgenerator_pm/hsync_pm/Madd_counter_add0000_cy<1> (signalgenerator_pm/hsync_pm/Madd_counter_add0000_cy<1>)
     MUXCY:CI->O           1   0.065   0.000  signalgenerator_pm/hsync_pm/Madd_counter_add0000_cy<2> (signalgenerator_pm/hsync_pm/Madd_counter_add0000_cy<2>)
     MUXCY:CI->O           1   0.065   0.000  signalgenerator_pm/hsync_pm/Madd_counter_add0000_cy<3> (signalgenerator_pm/hsync_pm/Madd_counter_add0000_cy<3>)
     MUXCY:CI->O           1   0.065   0.000  signalgenerator_pm/hsync_pm/Madd_counter_add0000_cy<4> (signalgenerator_pm/hsync_pm/Madd_counter_add0000_cy<4>)
     MUXCY:CI->O           1   0.065   0.000  signalgenerator_pm/hsync_pm/Madd_counter_add0000_cy<5> (signalgenerator_pm/hsync_pm/Madd_counter_add0000_cy<5>)
     MUXCY:CI->O           1   0.065   0.000  signalgenerator_pm/hsync_pm/Madd_counter_add0000_cy<6> (signalgenerator_pm/hsync_pm/Madd_counter_add0000_cy<6>)
     MUXCY:CI->O           1   0.065   0.000  signalgenerator_pm/hsync_pm/Madd_counter_add0000_cy<7> (signalgenerator_pm/hsync_pm/Madd_counter_add0000_cy<7>)
     MUXCY:CI->O           1   0.065   0.000  signalgenerator_pm/hsync_pm/Madd_counter_add0000_cy<8> (signalgenerator_pm/hsync_pm/Madd_counter_add0000_cy<8>)
     MUXCY:CI->O           1   0.065   0.000  signalgenerator_pm/hsync_pm/Madd_counter_add0000_cy<9> (signalgenerator_pm/hsync_pm/Madd_counter_add0000_cy<9>)
     MUXCY:CI->O           1   0.065   0.000  signalgenerator_pm/hsync_pm/Madd_counter_add0000_cy<10> (signalgenerator_pm/hsync_pm/Madd_counter_add0000_cy<10>)
     MUXCY:CI->O           1   0.065   0.000  signalgenerator_pm/hsync_pm/Madd_counter_add0000_cy<11> (signalgenerator_pm/hsync_pm/Madd_counter_add0000_cy<11>)
     MUXCY:CI->O           1   0.065   0.000  signalgenerator_pm/hsync_pm/Madd_counter_add0000_cy<12> (signalgenerator_pm/hsync_pm/Madd_counter_add0000_cy<12>)
     MUXCY:CI->O           1   0.065   0.000  signalgenerator_pm/hsync_pm/Madd_counter_add0000_cy<13> (signalgenerator_pm/hsync_pm/Madd_counter_add0000_cy<13>)
     MUXCY:CI->O           1   0.065   0.000  signalgenerator_pm/hsync_pm/Madd_counter_add0000_cy<14> (signalgenerator_pm/hsync_pm/Madd_counter_add0000_cy<14>)
     MUXCY:CI->O           1   0.065   0.000  signalgenerator_pm/hsync_pm/Madd_counter_add0000_cy<15> (signalgenerator_pm/hsync_pm/Madd_counter_add0000_cy<15>)
     MUXCY:CI->O           1   0.065   0.000  signalgenerator_pm/hsync_pm/Madd_counter_add0000_cy<16> (signalgenerator_pm/hsync_pm/Madd_counter_add0000_cy<16>)
     MUXCY:CI->O           1   0.065   0.000  signalgenerator_pm/hsync_pm/Madd_counter_add0000_cy<17> (signalgenerator_pm/hsync_pm/Madd_counter_add0000_cy<17>)
     MUXCY:CI->O           1   0.065   0.000  signalgenerator_pm/hsync_pm/Madd_counter_add0000_cy<18> (signalgenerator_pm/hsync_pm/Madd_counter_add0000_cy<18>)
     MUXCY:CI->O           1   0.065   0.000  signalgenerator_pm/hsync_pm/Madd_counter_add0000_cy<19> (signalgenerator_pm/hsync_pm/Madd_counter_add0000_cy<19>)
     MUXCY:CI->O           1   0.065   0.000  signalgenerator_pm/hsync_pm/Madd_counter_add0000_cy<20> (signalgenerator_pm/hsync_pm/Madd_counter_add0000_cy<20>)
     MUXCY:CI->O           1   0.065   0.000  signalgenerator_pm/hsync_pm/Madd_counter_add0000_cy<21> (signalgenerator_pm/hsync_pm/Madd_counter_add0000_cy<21>)
     MUXCY:CI->O           1   0.065   0.000  signalgenerator_pm/hsync_pm/Madd_counter_add0000_cy<22> (signalgenerator_pm/hsync_pm/Madd_counter_add0000_cy<22>)
     MUXCY:CI->O           1   0.065   0.000  signalgenerator_pm/hsync_pm/Madd_counter_add0000_cy<23> (signalgenerator_pm/hsync_pm/Madd_counter_add0000_cy<23>)
     MUXCY:CI->O           1   0.065   0.000  signalgenerator_pm/hsync_pm/Madd_counter_add0000_cy<24> (signalgenerator_pm/hsync_pm/Madd_counter_add0000_cy<24>)
     MUXCY:CI->O           1   0.065   0.000  signalgenerator_pm/hsync_pm/Madd_counter_add0000_cy<25> (signalgenerator_pm/hsync_pm/Madd_counter_add0000_cy<25>)
     MUXCY:CI->O           1   0.065   0.000  signalgenerator_pm/hsync_pm/Madd_counter_add0000_cy<26> (signalgenerator_pm/hsync_pm/Madd_counter_add0000_cy<26>)
     MUXCY:CI->O           1   0.065   0.000  signalgenerator_pm/hsync_pm/Madd_counter_add0000_cy<27> (signalgenerator_pm/hsync_pm/Madd_counter_add0000_cy<27>)
     MUXCY:CI->O           1   0.065   0.000  signalgenerator_pm/hsync_pm/Madd_counter_add0000_cy<28> (signalgenerator_pm/hsync_pm/Madd_counter_add0000_cy<28>)
     MUXCY:CI->O           1   0.065   0.000  signalgenerator_pm/hsync_pm/Madd_counter_add0000_cy<29> (signalgenerator_pm/hsync_pm/Madd_counter_add0000_cy<29>)
     MUXCY:CI->O           0   0.065   0.000  signalgenerator_pm/hsync_pm/Madd_counter_add0000_cy<30> (signalgenerator_pm/hsync_pm/Madd_counter_add0000_cy<30>)
     XORCY:CI->O           1   0.844   0.000  signalgenerator_pm/hsync_pm/Madd_counter_add0000_xor<31> (signalgenerator_pm/hsync_pm/counter_add0000<31>)
     FD:D                      0.252          signalgenerator_pm/hsync_pm/counter_31
    ----------------------------------------
    Total                      9.949ns (7.759ns logic, 2.190ns route)
                                       (78.0% logic, 22.0% route)

=========================================================================
Timing constraint: Default period analysis for Clock 'signalgenerator_pm/hsync_pm/hsync_out1'
  Clock period: 9.249ns (frequency: 108.125MHz)
  Total number of paths / destination ports: 52899 / 33
-------------------------------------------------------------------------
Delay:               9.249ns (Levels of Logic = 46)
  Source:            signalgenerator_pm/vsync_pm/counter_0 (LATCH)
  Destination:       signalgenerator_pm/vsync_pm/counter_31 (LATCH)
  Source Clock:      signalgenerator_pm/hsync_pm/hsync_out1 rising
  Destination Clock: signalgenerator_pm/hsync_pm/hsync_out1 rising

  Data Path: signalgenerator_pm/vsync_pm/counter_0 to signalgenerator_pm/vsync_pm/counter_31
                                Gate     Net
    Cell:in->out      fanout   Delay   Delay  Logical Name (Net Name)
    ----------------------------------------  ------------
     LD_1:G->Q             4   0.728   0.730  signalgenerator_pm/vsync_pm/counter_0 (signalgenerator_pm/vsync_pm/counter_0)
     LUT2:I0->O            1   0.648   0.000  signalgenerator_pm/vsync_pm/Mcompar_counter_cmp_le0002_lut<0> (signalgenerator_pm/vsync_pm/Mcompar_counter_cmp_le0002_lut<0>)
     MUXCY:S->O            1   0.632   0.000  signalgenerator_pm/vsync_pm/Mcompar_counter_cmp_le0002_cy<0> (signalgenerator_pm/vsync_pm/Mcompar_counter_cmp_le0002_cy<0>)
     MUXCY:CI->O           1   0.065   0.000  signalgenerator_pm/vsync_pm/Mcompar_counter_cmp_le0002_cy<1> (signalgenerator_pm/vsync_pm/Mcompar_counter_cmp_le0002_cy<1>)
     MUXCY:CI->O           1   0.065   0.000  signalgenerator_pm/vsync_pm/Mcompar_counter_cmp_le0002_cy<2> (signalgenerator_pm/vsync_pm/Mcompar_counter_cmp_le0002_cy<2>)
     MUXCY:CI->O           1   0.065   0.000  signalgenerator_pm/vsync_pm/Mcompar_counter_cmp_le0002_cy<3> (signalgenerator_pm/vsync_pm/Mcompar_counter_cmp_le0002_cy<3>)
     MUXCY:CI->O           1   0.065   0.000  signalgenerator_pm/vsync_pm/Mcompar_counter_cmp_le0002_cy<4> (signalgenerator_pm/vsync_pm/Mcompar_counter_cmp_le0002_cy<4>)
     MUXCY:CI->O           1   0.065   0.000  signalgenerator_pm/vsync_pm/Mcompar_counter_cmp_le0002_cy<5> (signalgenerator_pm/vsync_pm/Mcompar_counter_cmp_le0002_cy<5>)
     MUXCY:CI->O           1   0.065   0.000  signalgenerator_pm/vsync_pm/Mcompar_counter_cmp_le0002_cy<6> (signalgenerator_pm/vsync_pm/Mcompar_counter_cmp_le0002_cy<6>)
     MUXCY:CI->O           1   0.065   0.000  signalgenerator_pm/vsync_pm/Mcompar_counter_cmp_le0002_cy<7> (signalgenerator_pm/vsync_pm/Mcompar_counter_cmp_le0002_cy<7>)
     MUXCY:CI->O           1   0.065   0.000  signalgenerator_pm/vsync_pm/Mcompar_counter_cmp_le0002_cy<8> (signalgenerator_pm/vsync_pm/Mcompar_counter_cmp_le0002_cy<8>)
     MUXCY:CI->O           1   0.065   0.000  signalgenerator_pm/vsync_pm/Mcompar_counter_cmp_le0002_cy<9> (signalgenerator_pm/vsync_pm/Mcompar_counter_cmp_le0002_cy<9>)
     MUXCY:CI->O           1   0.065   0.000  signalgenerator_pm/vsync_pm/Mcompar_counter_cmp_le0002_cy<10> (signalgenerator_pm/vsync_pm/Mcompar_counter_cmp_le0002_cy<10>)
     MUXCY:CI->O          33   0.269   1.266  signalgenerator_pm/vsync_pm/Mcompar_counter_cmp_le0002_cy<11> (signalgenerator_pm/vsync_pm/counter_cmp_le0002)
     LUT4:I3->O            1   0.648   0.000  signalgenerator_pm/vsync_pm/Madd_counter_add0000_lut<0> (signalgenerator_pm/vsync_pm/Madd_counter_add0000_lut<0>)
     MUXCY:S->O            1   0.632   0.000  signalgenerator_pm/vsync_pm/Madd_counter_add0000_cy<0> (signalgenerator_pm/vsync_pm/Madd_counter_add0000_cy<0>)
     MUXCY:CI->O           1   0.065   0.000  signalgenerator_pm/vsync_pm/Madd_counter_add0000_cy<1> (signalgenerator_pm/vsync_pm/Madd_counter_add0000_cy<1>)
     MUXCY:CI->O           1   0.065   0.000  signalgenerator_pm/vsync_pm/Madd_counter_add0000_cy<2> (signalgenerator_pm/vsync_pm/Madd_counter_add0000_cy<2>)
     MUXCY:CI->O           1   0.065   0.000  signalgenerator_pm/vsync_pm/Madd_counter_add0000_cy<3> (signalgenerator_pm/vsync_pm/Madd_counter_add0000_cy<3>)
     MUXCY:CI->O           1   0.065   0.000  signalgenerator_pm/vsync_pm/Madd_counter_add0000_cy<4> (signalgenerator_pm/vsync_pm/Madd_counter_add0000_cy<4>)
     MUXCY:CI->O           1   0.065   0.000  signalgenerator_pm/vsync_pm/Madd_counter_add0000_cy<5> (signalgenerator_pm/vsync_pm/Madd_counter_add0000_cy<5>)
     MUXCY:CI->O           1   0.065   0.000  signalgenerator_pm/vsync_pm/Madd_counter_add0000_cy<6> (signalgenerator_pm/vsync_pm/Madd_counter_add0000_cy<6>)
     MUXCY:CI->O           1   0.065   0.000  signalgenerator_pm/vsync_pm/Madd_counter_add0000_cy<7> (signalgenerator_pm/vsync_pm/Madd_counter_add0000_cy<7>)
     MUXCY:CI->O           1   0.065   0.000  signalgenerator_pm/vsync_pm/Madd_counter_add0000_cy<8> (signalgenerator_pm/vsync_pm/Madd_counter_add0000_cy<8>)
     MUXCY:CI->O           1   0.065   0.000  signalgenerator_pm/vsync_pm/Madd_counter_add0000_cy<9> (signalgenerator_pm/vsync_pm/Madd_counter_add0000_cy<9>)
     MUXCY:CI->O           1   0.065   0.000  signalgenerator_pm/vsync_pm/Madd_counter_add0000_cy<10> (signalgenerator_pm/vsync_pm/Madd_counter_add0000_cy<10>)
     MUXCY:CI->O           1   0.065   0.000  signalgenerator_pm/vsync_pm/Madd_counter_add0000_cy<11> (signalgenerator_pm/vsync_pm/Madd_counter_add0000_cy<11>)
     MUXCY:CI->O           1   0.065   0.000  signalgenerator_pm/vsync_pm/Madd_counter_add0000_cy<12> (signalgenerator_pm/vsync_pm/Madd_counter_add0000_cy<12>)
     MUXCY:CI->O           1   0.065   0.000  signalgenerator_pm/vsync_pm/Madd_counter_add0000_cy<13> (signalgenerator_pm/vsync_pm/Madd_counter_add0000_cy<13>)
     MUXCY:CI->O           1   0.065   0.000  signalgenerator_pm/vsync_pm/Madd_counter_add0000_cy<14> (signalgenerator_pm/vsync_pm/Madd_counter_add0000_cy<14>)
     MUXCY:CI->O           1   0.065   0.000  signalgenerator_pm/vsync_pm/Madd_counter_add0000_cy<15> (signalgenerator_pm/vsync_pm/Madd_counter_add0000_cy<15>)
     MUXCY:CI->O           1   0.065   0.000  signalgenerator_pm/vsync_pm/Madd_counter_add0000_cy<16> (signalgenerator_pm/vsync_pm/Madd_counter_add0000_cy<16>)
     MUXCY:CI->O           1   0.065   0.000  signalgenerator_pm/vsync_pm/Madd_counter_add0000_cy<17> (signalgenerator_pm/vsync_pm/Madd_counter_add0000_cy<17>)
     MUXCY:CI->O           1   0.065   0.000  signalgenerator_pm/vsync_pm/Madd_counter_add0000_cy<18> (signalgenerator_pm/vsync_pm/Madd_counter_add0000_cy<18>)
     MUXCY:CI->O           1   0.065   0.000  signalgenerator_pm/vsync_pm/Madd_counter_add0000_cy<19> (signalgenerator_pm/vsync_pm/Madd_counter_add0000_cy<19>)
     MUXCY:CI->O           1   0.065   0.000  signalgenerator_pm/vsync_pm/Madd_counter_add0000_cy<20> (signalgenerator_pm/vsync_pm/Madd_counter_add0000_cy<20>)
     MUXCY:CI->O           1   0.065   0.000  signalgenerator_pm/vsync_pm/Madd_counter_add0000_cy<21> (signalgenerator_pm/vsync_pm/Madd_counter_add0000_cy<21>)
     MUXCY:CI->O           1   0.065   0.000  signalgenerator_pm/vsync_pm/Madd_counter_add0000_cy<22> (signalgenerator_pm/vsync_pm/Madd_counter_add0000_cy<22>)
     MUXCY:CI->O           1   0.065   0.000  signalgenerator_pm/vsync_pm/Madd_counter_add0000_cy<23> (signalgenerator_pm/vsync_pm/Madd_counter_add0000_cy<23>)
     MUXCY:CI->O           1   0.065   0.000  signalgenerator_pm/vsync_pm/Madd_counter_add0000_cy<24> (signalgenerator_pm/vsync_pm/Madd_counter_add0000_cy<24>)
     MUXCY:CI->O           1   0.065   0.000  signalgenerator_pm/vsync_pm/Madd_counter_add0000_cy<25> (signalgenerator_pm/vsync_pm/Madd_counter_add0000_cy<25>)
     MUXCY:CI->O           1   0.065   0.000  signalgenerator_pm/vsync_pm/Madd_counter_add0000_cy<26> (signalgenerator_pm/vsync_pm/Madd_counter_add0000_cy<26>)
     MUXCY:CI->O           1   0.065   0.000  signalgenerator_pm/vsync_pm/Madd_counter_add0000_cy<27> (signalgenerator_pm/vsync_pm/Madd_counter_add0000_cy<27>)
     MUXCY:CI->O           1   0.065   0.000  signalgenerator_pm/vsync_pm/Madd_counter_add0000_cy<28> (signalgenerator_pm/vsync_pm/Madd_counter_add0000_cy<28>)
     MUXCY:CI->O           1   0.065   0.000  signalgenerator_pm/vsync_pm/Madd_counter_add0000_cy<29> (signalgenerator_pm/vsync_pm/Madd_counter_add0000_cy<29>)
     MUXCY:CI->O           0   0.065   0.000  signalgenerator_pm/vsync_pm/Madd_counter_add0000_cy<30> (signalgenerator_pm/vsync_pm/Madd_counter_add0000_cy<30>)
     XORCY:CI->O           1   0.844   0.000  signalgenerator_pm/vsync_pm/Madd_counter_add0000_xor<31> (signalgenerator_pm/vsync_pm/counter_add0000<31>)
     LD_1:D                    0.252          signalgenerator_pm/vsync_pm/counter_31
    ----------------------------------------
    Total                      9.249ns (7.253ns logic, 1.996ns route)
                                       (78.4% logic, 21.6% route)

=========================================================================
Timing constraint: Default OFFSET OUT AFTER for Clock 'vga_clk_in'
  Total number of paths / destination ports: 1 / 1
-------------------------------------------------------------------------
Offset:              5.558ns (Levels of Logic = 1)
  Source:            signalgenerator_pm/hsync_pm/hsync_out (FF)
  Destination:       vga_hsync (PAD)
  Source Clock:      vga_clk_in rising

  Data Path: signalgenerator_pm/hsync_pm/hsync_out to vga_hsync
                                Gate     Net
    Cell:in->out      fanout   Delay   Delay  Logical Name (Net Name)
    ----------------------------------------  ------------
     FDR:C->Q              2   0.591   0.447  signalgenerator_pm/hsync_pm/hsync_out (signalgenerator_pm/hsync_pm/hsync_out1)
     OBUF:I->O                 4.520          vga_hsync_OBUF (vga_hsync)
    ----------------------------------------
    Total                      5.558ns (5.111ns logic, 0.447ns route)
                                       (92.0% logic, 8.0% route)

=========================================================================
Timing constraint: Default OFFSET OUT AFTER for Clock 'signalgenerator_pm/hsync_pm/hsync_out1'
  Total number of paths / destination ports: 1 / 1
-------------------------------------------------------------------------
Offset:              5.668ns (Levels of Logic = 1)
  Source:            signalgenerator_pm/vsync_pm/vsync_out (LATCH)
  Destination:       vga_vsync (PAD)
  Source Clock:      signalgenerator_pm/hsync_pm/hsync_out1 rising

  Data Path: signalgenerator_pm/vsync_pm/vsync_out to vga_vsync
                                Gate     Net
    Cell:in->out      fanout   Delay   Delay  Logical Name (Net Name)
    ----------------------------------------  ------------
     LD_1:G->Q             1   0.728   0.420  signalgenerator_pm/vsync_pm/vsync_out (signalgenerator_pm/vsync_pm/vsync_out)
     OBUF:I->O                 4.520          vga_vsync_OBUF (vga_vsync)
    ----------------------------------------
    Total                      5.668ns (5.248ns logic, 0.420ns route)
                                       (92.6% logic, 7.4% route)

=========================================================================


Total REAL time to Xst completion: 13.00 secs
Total CPU time to Xst completion: 11.90 secs
 
--> 


Total memory usage is 203520 kilobytes

Number of errors   :    0 (   0 filtered)
Number of warnings :   51 (   0 filtered)
Number of infos    :    0 (   0 filtered)

